# JRE version: OpenJDK Runtime Environment (15.0.2+7) (build 15.0.2+7-27)
# Java VM: OpenJDK 64-Bit Server VM (15.0.2+7-27, mixed mode, tiered, compressed oops, g1 gc, windows-amd64)
GC Precious Log:
 CPUs: 6 total, 6 available
 Memory: 16310M
 Large Page Support: Disabled
 NUMA Support: Disabled
 Compressed Oops: Enabled (Zero based)
 Heap Region Size: 2M
 Heap Min Capacity: 8M
 Heap Initial Capacity: 256M
 Heap Max Capacity: 4078M
 Pre-touch: Disabled
 Parallel Workers: 6
 Concurrent Workers: 2
 Concurrent Refinement Workers: 6
 Periodic GC: Disabled
Heap:
 garbage-first heap   total 262144K, used 46947K [0x0000000701200000, 0x0000000800000000)
  region size 2048K, 23 young (47104K), 1 survivors (2048K)
 Metaspace       used 14557K, capacity 14704K, committed 14848K, reserved 1062912K
  class space    used 1383K, capacity 1423K, committed 1536K, reserved 1048576K
GC Heap History (12 events):
Event: 8.493 GC heap before
{Heap before GC invocations=0 (full 0):
 garbage-first heap   total 262144K, used 20480K [0x0000000701200000, 0x0000000800000000)
  region size 2048K, 10 young (20480K), 0 survivors (0K)
 Metaspace       used 14539K, capacity 14704K, committed 14848K, reserved 1062912K
  class space    used 1383K, capacity 1423K, committed 1536K, reserved 1048576K
}
Event: 8.499 GC heap after
{Heap after GC invocations=1 (full 0):
 garbage-first heap   total 262144K, used 2900K [0x0000000701200000, 0x0000000800000000)
  region size 2048K, 2 young (4096K), 2 survivors (4096K)
 Metaspace       used 14539K, capacity 14704K, committed 14848K, reserved 1062912K
  class space    used 1383K, capacity 1423K, committed 1536K, reserved 1048576K
}
Event: 8.561 GC heap before
{Heap before GC invocations=1 (full 0):
 garbage-first heap   total 262144K, used 27476K [0x0000000701200000, 0x0000000800000000)
  region size 2048K, 14 young (28672K), 2 survivors (4096K)
 Metaspace       used 14541K, capacity 14704K, committed 14848K, reserved 1062912K
  class space    used 1383K, capacity 1423K, committed 1536K, reserved 1048576K
}
Event: 8.563 GC heap after
{Heap after GC invocations=2 (full 0):
 garbage-first heap   total 262144K, used 3220K [0x0000000701200000, 0x0000000800000000)
  region size 2048K, 1 young (2048K), 1 survivors (2048K)
 Metaspace       used 14541K, capacity 14704K, committed 14848K, reserved 1062912K
  class space    used 1383K, capacity 1423K, committed 1536K, reserved 1048576K
}
Event: 8.819 GC heap before
{Heap before GC invocations=2 (full 0):
 garbage-first heap   total 262144K, used 156820K [0x0000000701200000, 0x0000000800000000)
  region size 2048K, 76 young (155648K), 1 survivors (2048K)
 Metaspace       used 14555K, capacity 14704K, committed 14848K, reserved 1062912K
  class space    used 1383K, capacity 1423K, committed 1536K, reserved 1048576K
}
Event: 8.820 GC heap after
{Heap after GC invocations=3 (full 0):
 garbage-first heap   total 262144K, used 3209K [0x0000000701200000, 0x0000000800000000)
  region size 2048K, 1 young (2048K), 1 survivors (2048K)
 Metaspace       used 14555K, capacity 14704K, committed 14848K, reserved 1062912K
  class space    used 1383K, capacity 1423K, committed 1536K, reserved 1048576K
}
Event: 8.902 GC heap before
{Heap before GC invocations=3 (full 0):
 garbage-first heap   total 262144K, used 156809K [0x0000000701200000, 0x0000000800000000)
  region size 2048K, 76 young (155648K), 1 survivors (2048K)
 Metaspace       used 14555K, capacity 14704K, committed 14848K, reserved 1062912K
  class space    used 1383K, capacity 1423K, committed 1536K, reserved 1048576K
}
Event: 8.902 GC heap after
{Heap after GC invocations=4 (full 0):
 garbage-first heap   total 262144K, used 3351K [0x0000000701200000, 0x0000000800000000)
  region size 2048K, 1 young (2048K), 1 survivors (2048K)
 Metaspace       used 14555K, capacity 14704K, committed 14848K, reserved 1062912K
  class space    used 1383K, capacity 1423K, committed 1536K, reserved 1048576K
}
Event: 9.152 GC heap before
{Heap before GC invocations=4 (full 0):
 garbage-first heap   total 262144K, used 156951K [0x0000000701200000, 0x0000000800000000)
  region size 2048K, 76 young (155648K), 1 survivors (2048K)
 Metaspace       used 14556K, capacity 14704K, committed 14848K, reserved 1062912K
  class space    used 1383K, capacity 1423K, committed 1536K, reserved 1048576K
}
Event: 9.153 GC heap after
{Heap after GC invocations=5 (full 0):
 garbage-first heap   total 262144K, used 3556K [0x0000000701200000, 0x0000000800000000)
  region size 2048K, 1 young (2048K), 1 survivors (2048K)
 Metaspace       used 14556K, capacity 14704K, committed 14848K, reserved 1062912K
  class space    used 1383K, capacity 1423K, committed 1536K, reserved 1048576K
}
Event: 9.238 GC heap before
{Heap before GC invocations=5 (full 0):
 garbage-first heap   total 262144K, used 157156K [0x0000000701200000, 0x0000000800000000)
  region size 2048K, 76 young (155648K), 1 survivors (2048K)
 Metaspace       used 14557K, capacity 14704K, committed 14848K, reserved 1062912K
  class space    used 1383K, capacity 1423K, committed 1536K, reserved 1048576K
}
Event: 9.239 GC heap after
{Heap after GC invocations=6 (full 0):
 garbage-first heap   total 262144K, used 3786K [0x0000000701200000, 0x0000000800000000)
  region size 2048K, 1 young (2048K), 1 survivors (2048K)
 Metaspace       used 14557K, capacity 14704K, committed 14848K, reserved 1062912K
  class space    used 1383K, capacity 1423K, committed 1536K, reserved 1048576K
}

