# JRE version: OpenJDK Runtime Environment (15.0.2+7) (build 15.0.2+7-27)
# Java VM: OpenJDK 64-Bit Server VM (15.0.2+7-27, mixed mode, tiered, compressed oops, g1 gc, windows-amd64)
GC Precious Log:
 CPUs: 6 total, 6 available
 Memory: 16310M
 Large Page Support: Disabled
 NUMA Support: Disabled
 Compressed Oops: Enabled (Zero based)
 Heap Region Size: 2M
 Heap Min Capacity: 8M
 Heap Initial Capacity: 256M
 Heap Max Capacity: 4078M
 Pre-touch: Disabled
 Parallel Workers: 6
 Concurrent Workers: 2
 Concurrent Refinement Workers: 6
 Periodic GC: Disabled
Heap:
 garbage-first heap   total 790528K, used 27644K [0x0000000701200000, 0x0000000800000000)
  region size 2048K, 9 young (18432K), 9 survivors (18432K)
 Metaspace       used 11466K, capacity 11573K, committed 11648K, reserved 1060864K
  class space    used 1036K, capacity 1085K, committed 1152K, reserved 1048576K
GC Heap History (20 events):
Event: 2.762 GC heap after
{Heap after GC invocations=20 (full 0):
 garbage-first heap   total 454656K, used 11015K [0x0000000701200000, 0x0000000800000000)
  region size 2048K, 5 young (10240K), 5 survivors (10240K)
 Metaspace       used 11463K, capacity 11573K, committed 11648K, reserved 1060864K
  class space    used 1036K, capacity 1085K, committed 1152K, reserved 1048576K
}
Event: 2.914 GC heap before
{Heap before GC invocations=20 (full 0):
 garbage-first heap   total 454656K, used 273159K [0x0000000701200000, 0x0000000800000000)
  region size 2048K, 133 young (272384K), 5 survivors (10240K)
 Metaspace       used 11463K, capacity 11573K, committed 11648K, reserved 1060864K
  class space    used 1036K, capacity 1085K, committed 1152K, reserved 1048576K
}
Event: 2.917 GC heap after
{Heap after GC invocations=21 (full 0):
 garbage-first heap   total 546816K, used 11577K [0x0000000701200000, 0x0000000800000000)
  region size 2048K, 5 young (10240K), 5 survivors (10240K)
 Metaspace       used 11463K, capacity 11573K, committed 11648K, reserved 1060864K
  class space    used 1036K, capacity 1085K, committed 1152K, reserved 1048576K
}
Event: 3.163 GC heap before
{Heap before GC invocations=21 (full 0):
 garbage-first heap   total 546816K, used 329017K [0x0000000701200000, 0x0000000800000000)
  region size 2048K, 160 young (327680K), 5 survivors (10240K)
 Metaspace       used 11463K, capacity 11573K, committed 11648K, reserved 1060864K
  class space    used 1036K, capacity 1085K, committed 1152K, reserved 1048576K
}
Event: 3.167 GC heap after
{Heap after GC invocations=22 (full 0):
 garbage-first heap   total 546816K, used 13767K [0x0000000701200000, 0x0000000800000000)
  region size 2048K, 6 young (12288K), 6 survivors (12288K)
 Metaspace       used 11463K, capacity 11573K, committed 11648K, reserved 1060864K
  class space    used 1036K, capacity 1085K, committed 1152K, reserved 1048576K
}
Event: 3.368 GC heap before
{Heap before GC invocations=22 (full 0):
 garbage-first heap   total 546816K, used 329159K [0x0000000701200000, 0x0000000800000000)
  region size 2048K, 160 young (327680K), 6 survivors (12288K)
 Metaspace       used 11463K, capacity 11573K, committed 11648K, reserved 1060864K
  class space    used 1036K, capacity 1085K, committed 1152K, reserved 1048576K
}
Event: 3.372 GC heap after
{Heap after GC invocations=23 (full 0):
 garbage-first heap   total 546816K, used 14713K [0x0000000701200000, 0x0000000800000000)
  region size 2048K, 6 young (12288K), 6 survivors (12288K)
 Metaspace       used 11463K, capacity 11573K, committed 11648K, reserved 1060864K
  class space    used 1036K, capacity 1085K, committed 1152K, reserved 1048576K
}
Event: 3.533 GC heap before
{Heap before GC invocations=23 (full 0):
 garbage-first heap   total 546816K, used 330105K [0x0000000701200000, 0x0000000800000000)
  region size 2048K, 160 young (327680K), 6 survivors (12288K)
 Metaspace       used 11466K, capacity 11573K, committed 11648K, reserved 1060864K
  class space    used 1036K, capacity 1085K, committed 1152K, reserved 1048576K
}
Event: 3.536 GC heap after
{Heap after GC invocations=24 (full 0):
 garbage-first heap   total 546816K, used 16041K [0x0000000701200000, 0x0000000800000000)
  region size 2048K, 6 young (12288K), 6 survivors (12288K)
 Metaspace       used 11466K, capacity 11573K, committed 11648K, reserved 1060864K
  class space    used 1036K, capacity 1085K, committed 1152K, reserved 1048576K
}
Event: 3.692 GC heap before
{Heap before GC invocations=24 (full 0):
 garbage-first heap   total 546816K, used 331433K [0x0000000701200000, 0x0000000800000000)
  region size 2048K, 160 young (327680K), 6 survivors (12288K)
 Metaspace       used 11466K, capacity 11573K, committed 11648K, reserved 1060864K
  class space    used 1036K, capacity 1085K, committed 1152K, reserved 1048576K
}
Event: 3.696 GC heap after
{Heap after GC invocations=25 (full 0):
 garbage-first heap   total 657408K, used 16446K [0x0000000701200000, 0x0000000800000000)
  region size 2048K, 6 young (12288K), 6 survivors (12288K)
 Metaspace       used 11466K, capacity 11573K, committed 11648K, reserved 1060864K
  class space    used 1036K, capacity 1085K, committed 1152K, reserved 1048576K
}
Event: 3.933 GC heap before
{Heap before GC invocations=25 (full 0):
 garbage-first heap   total 657408K, used 397374K [0x0000000701200000, 0x0000000800000000)
  region size 2048K, 192 young (393216K), 6 survivors (12288K)
 Metaspace       used 11466K, capacity 11573K, committed 11648K, reserved 1060864K
  class space    used 1036K, capacity 1085K, committed 1152K, reserved 1048576K
}
Event: 3.937 GC heap after
{Heap after GC invocations=26 (full 0):
 garbage-first heap   total 657408K, used 17607K [0x0000000701200000, 0x0000000800000000)
  region size 2048K, 7 young (14336K), 7 survivors (14336K)
 Metaspace       used 11466K, capacity 11573K, committed 11648K, reserved 1060864K
  class space    used 1036K, capacity 1085K, committed 1152K, reserved 1048576K
}
Event: 4.135 GC heap before
{Heap before GC invocations=26 (full 0):
 garbage-first heap   total 657408K, used 396487K [0x0000000701200000, 0x0000000800000000)
  region size 2048K, 192 young (393216K), 7 survivors (14336K)
 Metaspace       used 11466K, capacity 11573K, committed 11648K, reserved 1060864K
  class space    used 1036K, capacity 1085K, committed 1152K, reserved 1048576K
}
Event: 4.140 GC heap after
{Heap after GC invocations=27 (full 0):
 garbage-first heap   total 657408K, used 20119K [0x0000000701200000, 0x0000000800000000)
  region size 2048K, 7 young (14336K), 7 survivors (14336K)
 Metaspace       used 11466K, capacity 11573K, committed 11648K, reserved 1060864K
  class space    used 1036K, capacity 1085K, committed 1152K, reserved 1048576K
}
Event: 4.344 GC heap before
{Heap before GC invocations=27 (full 0):
 garbage-first heap   total 657408K, used 398999K [0x0000000701200000, 0x0000000800000000)
  region size 2048K, 192 young (393216K), 7 survivors (14336K)
 Metaspace       used 11466K, capacity 11573K, committed 11648K, reserved 1060864K
  class space    used 1036K, capacity 1085K, committed 1152K, reserved 1048576K
}
Event: 4.349 GC heap after
{Heap after GC invocations=28 (full 0):
 garbage-first heap   total 657408K, used 22998K [0x0000000701200000, 0x0000000800000000)
  region size 2048K, 9 young (18432K), 9 survivors (18432K)
 Metaspace       used 11466K, capacity 11573K, committed 11648K, reserved 1060864K
  class space    used 1036K, capacity 1085K, committed 1152K, reserved 1048576K
}
Event: 4.547 GC heap before
{Heap before GC invocations=28 (full 0):
 garbage-first heap   total 657408K, used 399830K [0x0000000701200000, 0x0000000800000000)
  region size 2048K, 192 young (393216K), 9 survivors (18432K)
 Metaspace       used 11466K, capacity 11573K, committed 11648K, reserved 1060864K
  class space    used 1036K, capacity 1085K, committed 1152K, reserved 1048576K
}
Event: 4.553 GC heap after
{Heap after GC invocations=29 (full 0):
 garbage-first heap   total 657408K, used 26794K [0x0000000701200000, 0x0000000800000000)
  region size 2048K, 9 young (18432K), 9 survivors (18432K)
 Metaspace       used 11466K, capacity 11573K, committed 11648K, reserved 1060864K
  class space    used 1036K, capacity 1085K, committed 1152K, reserved 1048576K
}
Event: 4.747 GC heap before
{Heap before GC invocations=29 (full 0):
 garbage-first heap   total 657408K, used 401578K [0x0000000701200000, 0x0000000800000000)
  region size 2048K, 192 young (393216K), 9 survivors (18432K)
 Metaspace       used 11466K, capacity 11573K, committed 11648K, reserved 1060864K
  class space    used 1036K, capacity 1085K, committed 1152K, reserved 1048576K
}

