# JRE version: OpenJDK Runtime Environment (15.0.2+7) (build 15.0.2+7-27)
# Java VM: OpenJDK 64-Bit Server VM (15.0.2+7-27, mixed mode, tiered, compressed oops, g1 gc, windows-amd64)
GC Precious Log:
 CPUs: 6 total, 6 available
 Memory: 16310M
 Large Page Support: Disabled
 NUMA Support: Disabled
 Compressed Oops: Enabled (Zero based)
 Heap Region Size: 2M
 Heap Min Capacity: 8M
 Heap Initial Capacity: 256M
 Heap Max Capacity: 4078M
 Pre-touch: Disabled
 Parallel Workers: 6
 Concurrent Workers: 2
 Concurrent Refinement Workers: 6
 Periodic GC: Disabled
Heap:
 garbage-first heap   total 546816K, used 8487K [0x0000000701200000, 0x0000000800000000)
  region size 2048K, 2 young (4096K), 2 survivors (4096K)
 Metaspace       used 11420K, capacity 11541K, committed 11648K, reserved 1060864K
  class space    used 1033K, capacity 1053K, committed 1152K, reserved 1048576K
GC Heap History (20 events):
Event: 5.149 GC heap after
{Heap after GC invocations=48 (full 0):
 garbage-first heap   total 454656K, used 6346K [0x0000000701200000, 0x0000000800000000)
  region size 2048K, 1 young (2048K), 1 survivors (2048K)
 Metaspace       used 11420K, capacity 11541K, committed 11648K, reserved 1060864K
  class space    used 1033K, capacity 1053K, committed 1152K, reserved 1048576K
}
Event: 5.257 GC heap before
{Heap before GC invocations=48 (full 0):
 garbage-first heap   total 454656K, used 276682K [0x0000000701200000, 0x0000000800000000)
  region size 2048K, 133 young (272384K), 1 survivors (2048K)
 Metaspace       used 11420K, capacity 11541K, committed 11648K, reserved 1060864K
  class space    used 1033K, capacity 1053K, committed 1152K, reserved 1048576K
}
Event: 5.258 GC heap after
{Heap after GC invocations=49 (full 0):
 garbage-first heap   total 454656K, used 6655K [0x0000000701200000, 0x0000000800000000)
  region size 2048K, 2 young (4096K), 2 survivors (4096K)
 Metaspace       used 11420K, capacity 11541K, committed 11648K, reserved 1060864K
  class space    used 1033K, capacity 1053K, committed 1152K, reserved 1048576K
}
Event: 5.364 GC heap before
{Heap before GC invocations=49 (full 0):
 garbage-first heap   total 454656K, used 274943K [0x0000000701200000, 0x0000000800000000)
  region size 2048K, 133 young (272384K), 2 survivors (4096K)
 Metaspace       used 11420K, capacity 11541K, committed 11648K, reserved 1060864K
  class space    used 1033K, capacity 1053K, committed 1152K, reserved 1048576K
}
Event: 5.365 GC heap after
{Heap after GC invocations=50 (full 0):
 garbage-first heap   total 454656K, used 6939K [0x0000000701200000, 0x0000000800000000)
  region size 2048K, 2 young (4096K), 2 survivors (4096K)
 Metaspace       used 11420K, capacity 11541K, committed 11648K, reserved 1060864K
  class space    used 1033K, capacity 1053K, committed 1152K, reserved 1048576K
}
Event: 5.465 GC heap before
{Heap before GC invocations=50 (full 0):
 garbage-first heap   total 454656K, used 275227K [0x0000000701200000, 0x0000000800000000)
  region size 2048K, 133 young (272384K), 2 survivors (4096K)
 Metaspace       used 11420K, capacity 11541K, committed 11648K, reserved 1060864K
  class space    used 1033K, capacity 1053K, committed 1152K, reserved 1048576K
}
Event: 5.466 GC heap after
{Heap after GC invocations=51 (full 0):
 garbage-first heap   total 454656K, used 6859K [0x0000000701200000, 0x0000000800000000)
  region size 2048K, 1 young (2048K), 1 survivors (2048K)
 Metaspace       used 11420K, capacity 11541K, committed 11648K, reserved 1060864K
  class space    used 1033K, capacity 1053K, committed 1152K, reserved 1048576K
}
Event: 5.564 GC heap before
{Heap before GC invocations=51 (full 0):
 garbage-first heap   total 454656K, used 277195K [0x0000000701200000, 0x0000000800000000)
  region size 2048K, 133 young (272384K), 1 survivors (2048K)
 Metaspace       used 11420K, capacity 11541K, committed 11648K, reserved 1060864K
  class space    used 1033K, capacity 1053K, committed 1152K, reserved 1048576K
}
Event: 5.566 GC heap after
{Heap after GC invocations=52 (full 0):
 garbage-first heap   total 454656K, used 7534K [0x0000000701200000, 0x0000000800000000)
  region size 2048K, 2 young (4096K), 2 survivors (4096K)
 Metaspace       used 11420K, capacity 11541K, committed 11648K, reserved 1060864K
  class space    used 1033K, capacity 1053K, committed 1152K, reserved 1048576K
}
Event: 5.663 GC heap before
{Heap before GC invocations=52 (full 0):
 garbage-first heap   total 454656K, used 275822K [0x0000000701200000, 0x0000000800000000)
  region size 2048K, 133 young (272384K), 2 survivors (4096K)
 Metaspace       used 11420K, capacity 11541K, committed 11648K, reserved 1060864K
  class space    used 1033K, capacity 1053K, committed 1152K, reserved 1048576K
}
Event: 5.664 GC heap after
{Heap after GC invocations=53 (full 0):
 garbage-first heap   total 454656K, used 7639K [0x0000000701200000, 0x0000000800000000)
  region size 2048K, 2 young (4096K), 2 survivors (4096K)
 Metaspace       used 11420K, capacity 11541K, committed 11648K, reserved 1060864K
  class space    used 1033K, capacity 1053K, committed 1152K, reserved 1048576K
}
Event: 5.771 GC heap before
{Heap before GC invocations=53 (full 0):
 garbage-first heap   total 454656K, used 275927K [0x0000000701200000, 0x0000000800000000)
  region size 2048K, 133 young (272384K), 2 survivors (4096K)
 Metaspace       used 11420K, capacity 11541K, committed 11648K, reserved 1060864K
  class space    used 1033K, capacity 1053K, committed 1152K, reserved 1048576K
}
Event: 5.773 GC heap after
{Heap after GC invocations=54 (full 0):
 garbage-first heap   total 454656K, used 9156K [0x0000000701200000, 0x0000000800000000)
  region size 2048K, 2 young (4096K), 2 survivors (4096K)
 Metaspace       used 11420K, capacity 11541K, committed 11648K, reserved 1060864K
  class space    used 1033K, capacity 1053K, committed 1152K, reserved 1048576K
}
Event: 5.878 GC heap before
{Heap before GC invocations=54 (full 0):
 garbage-first heap   total 454656K, used 277444K [0x0000000701200000, 0x0000000800000000)
  region size 2048K, 133 young (272384K), 2 survivors (4096K)
 Metaspace       used 11420K, capacity 11541K, committed 11648K, reserved 1060864K
  class space    used 1033K, capacity 1053K, committed 1152K, reserved 1048576K
}
Event: 5.880 GC heap after
{Heap after GC invocations=55 (full 0):
 garbage-first heap   total 454656K, used 9251K [0x0000000701200000, 0x0000000800000000)
  region size 2048K, 2 young (4096K), 2 survivors (4096K)
 Metaspace       used 11420K, capacity 11541K, committed 11648K, reserved 1060864K
  class space    used 1033K, capacity 1053K, committed 1152K, reserved 1048576K
}
Event: 5.989 GC heap before
{Heap before GC invocations=55 (full 0):
 garbage-first heap   total 454656K, used 277539K [0x0000000701200000, 0x0000000800000000)
  region size 2048K, 133 young (272384K), 2 survivors (4096K)
 Metaspace       used 11420K, capacity 11541K, committed 11648K, reserved 1060864K
  class space    used 1033K, capacity 1053K, committed 1152K, reserved 1048576K
}
Event: 5.991 GC heap after
{Heap after GC invocations=56 (full 0):
 garbage-first heap   total 454656K, used 9835K [0x0000000701200000, 0x0000000800000000)
  region size 2048K, 3 young (6144K), 3 survivors (6144K)
 Metaspace       used 11420K, capacity 11541K, committed 11648K, reserved 1060864K
  class space    used 1033K, capacity 1053K, committed 1152K, reserved 1048576K
}
Event: 6.097 GC heap before
{Heap before GC invocations=56 (full 0):
 garbage-first heap   total 454656K, used 276075K [0x0000000701200000, 0x0000000800000000)
  region size 2048K, 133 young (272384K), 3 survivors (6144K)
 Metaspace       used 11420K, capacity 11541K, committed 11648K, reserved 1060864K
  class space    used 1033K, capacity 1053K, committed 1152K, reserved 1048576K
}
Event: 6.099 GC heap after
{Heap after GC invocations=57 (full 0):
 garbage-first heap   total 454656K, used 10373K [0x0000000701200000, 0x0000000800000000)
  region size 2048K, 3 young (6144K), 3 survivors (6144K)
 Metaspace       used 11420K, capacity 11541K, committed 11648K, reserved 1060864K
  class space    used 1033K, capacity 1053K, committed 1152K, reserved 1048576K
}
Event: 6.195 GC heap before
{Heap before GC invocations=57 (full 0):
 garbage-first heap   total 454656K, used 276613K [0x0000000701200000, 0x0000000800000000)
  region size 2048K, 133 young (272384K), 3 survivors (6144K)
 Metaspace       used 11420K, capacity 11541K, committed 11648K, reserved 1060864K
  class space    used 1033K, capacity 1053K, committed 1152K, reserved 1048576K
}

