# JRE version: OpenJDK Runtime Environment (15.0.2+7) (build 15.0.2+7-27)
# Java VM: OpenJDK 64-Bit Server VM (15.0.2+7-27, mixed mode, tiered, compressed oops, g1 gc, windows-amd64)
GC Precious Log:
 CPUs: 6 total, 6 available
 Memory: 16310M
 Large Page Support: Disabled
 NUMA Support: Disabled
 Compressed Oops: Enabled (Zero based)
 Heap Region Size: 2M
 Heap Min Capacity: 8M
 Heap Initial Capacity: 256M
 Heap Max Capacity: 4078M
 Pre-touch: Disabled
 Parallel Workers: 6
 Concurrent Workers: 2
 Concurrent Refinement Workers: 6
 Periodic GC: Disabled
Heap:
 garbage-first heap   total 262144K, used 141407K [0x0000000701200000, 0x0000000800000000)
  region size 2048K, 69 young (141312K), 1 survivors (2048K)
 Metaspace       used 18003K, capacity 18173K, committed 18304K, reserved 1064960K
  class space    used 1823K, capacity 1894K, committed 1920K, reserved 1048576K
GC Heap History (12 events):
Event: 3.533 GC heap before
{Heap before GC invocations=0 (full 0):
 garbage-first heap   total 262144K, used 20480K [0x0000000701200000, 0x0000000800000000)
  region size 2048K, 10 young (20480K), 0 survivors (0K)
 Metaspace       used 17978K, capacity 18173K, committed 18304K, reserved 1064960K
  class space    used 1823K, capacity 1894K, committed 1920K, reserved 1048576K
}
Event: 3.537 GC heap after
{Heap after GC invocations=1 (full 0):
 garbage-first heap   total 262144K, used 3358K [0x0000000701200000, 0x0000000800000000)
  region size 2048K, 2 young (4096K), 2 survivors (4096K)
 Metaspace       used 17978K, capacity 18173K, committed 18304K, reserved 1064960K
  class space    used 1823K, capacity 1894K, committed 1920K, reserved 1048576K
}
Event: 3.569 GC heap before
{Heap before GC invocations=1 (full 0):
 garbage-first heap   total 262144K, used 27934K [0x0000000701200000, 0x0000000800000000)
  region size 2048K, 14 young (28672K), 2 survivors (4096K)
 Metaspace       used 17985K, capacity 18173K, committed 18304K, reserved 1064960K
  class space    used 1823K, capacity 1894K, committed 1920K, reserved 1048576K
}
Event: 3.571 GC heap after
{Heap after GC invocations=2 (full 0):
 garbage-first heap   total 262144K, used 3688K [0x0000000701200000, 0x0000000800000000)
  region size 2048K, 1 young (2048K), 1 survivors (2048K)
 Metaspace       used 17985K, capacity 18173K, committed 18304K, reserved 1064960K
  class space    used 1823K, capacity 1894K, committed 1920K, reserved 1048576K
}
Event: 3.762 GC heap before
{Heap before GC invocations=2 (full 0):
 garbage-first heap   total 262144K, used 157288K [0x0000000701200000, 0x0000000800000000)
  region size 2048K, 76 young (155648K), 1 survivors (2048K)
 Metaspace       used 18001K, capacity 18173K, committed 18304K, reserved 1064960K
  class space    used 1823K, capacity 1894K, committed 1920K, reserved 1048576K
}
Event: 3.763 GC heap after
{Heap after GC invocations=3 (full 0):
 garbage-first heap   total 262144K, used 3662K [0x0000000701200000, 0x0000000800000000)
  region size 2048K, 1 young (2048K), 1 survivors (2048K)
 Metaspace       used 18001K, capacity 18173K, committed 18304K, reserved 1064960K
  class space    used 1823K, capacity 1894K, committed 1920K, reserved 1048576K
}
Event: 3.848 GC heap before
{Heap before GC invocations=3 (full 0):
 garbage-first heap   total 262144K, used 157262K [0x0000000701200000, 0x0000000800000000)
  region size 2048K, 76 young (155648K), 1 survivors (2048K)
 Metaspace       used 18001K, capacity 18173K, committed 18304K, reserved 1064960K
  class space    used 1823K, capacity 1894K, committed 1920K, reserved 1048576K
}
Event: 3.848 GC heap after
{Heap after GC invocations=4 (full 0):
 garbage-first heap   total 262144K, used 3794K [0x0000000701200000, 0x0000000800000000)
  region size 2048K, 1 young (2048K), 1 survivors (2048K)
 Metaspace       used 18001K, capacity 18173K, committed 18304K, reserved 1064960K
  class space    used 1823K, capacity 1894K, committed 1920K, reserved 1048576K
}
Event: 3.932 GC heap before
{Heap before GC invocations=4 (full 0):
 garbage-first heap   total 262144K, used 157394K [0x0000000701200000, 0x0000000800000000)
  region size 2048K, 76 young (155648K), 1 survivors (2048K)
 Metaspace       used 18002K, capacity 18173K, committed 18304K, reserved 1064960K
  class space    used 1823K, capacity 1894K, committed 1920K, reserved 1048576K
}
Event: 3.932 GC heap after
{Heap after GC invocations=5 (full 0):
 garbage-first heap   total 262144K, used 3997K [0x0000000701200000, 0x0000000800000000)
  region size 2048K, 1 young (2048K), 1 survivors (2048K)
 Metaspace       used 18002K, capacity 18173K, committed 18304K, reserved 1064960K
  class space    used 1823K, capacity 1894K, committed 1920K, reserved 1048576K
}
Event: 4.032 GC heap before
{Heap before GC invocations=5 (full 0):
 garbage-first heap   total 262144K, used 157597K [0x0000000701200000, 0x0000000800000000)
  region size 2048K, 76 young (155648K), 1 survivors (2048K)
 Metaspace       used 18003K, capacity 18173K, committed 18304K, reserved 1064960K
  class space    used 1823K, capacity 1894K, committed 1920K, reserved 1048576K
}
Event: 4.033 GC heap after
{Heap after GC invocations=6 (full 0):
 garbage-first heap   total 262144K, used 4191K [0x0000000701200000, 0x0000000800000000)
  region size 2048K, 1 young (2048K), 1 survivors (2048K)
 Metaspace       used 18003K, capacity 18173K, committed 18304K, reserved 1064960K
  class space    used 1823K, capacity 1894K, committed 1920K, reserved 1048576K
}

