# JRE version: OpenJDK Runtime Environment (15.0.2+7) (build 15.0.2+7-27)
# Java VM: OpenJDK 64-Bit Server VM (15.0.2+7-27, mixed mode, tiered, compressed oops, g1 gc, windows-amd64)
GC Precious Log:
 CPUs: 6 total, 6 available
 Memory: 16310M
 Large Page Support: Disabled
 NUMA Support: Disabled
 Compressed Oops: Enabled (Zero based)
 Heap Region Size: 2M
 Heap Min Capacity: 8M
 Heap Initial Capacity: 256M
 Heap Max Capacity: 4078M
 Pre-touch: Disabled
 Parallel Workers: 6
 Concurrent Workers: 2
 Concurrent Refinement Workers: 6
 Periodic GC: Disabled
Heap:
 garbage-first heap   total 2193408K, used 401408K [0x0000000701200000, 0x0000000800000000)
  region size 2048K, 22 young (45056K), 22 survivors (45056K)
 Metaspace       used 11379K, capacity 11477K, committed 11648K, reserved 1060864K
  class space    used 1031K, capacity 1053K, committed 1152K, reserved 1048576K
GC Heap History (20 events):
Event: 0.521 GC heap after
{Heap after GC invocations=3 (full 0):
 garbage-first heap   total 262144K, used 18803K [0x0000000701200000, 0x0000000800000000)
  region size 2048K, 4 young (8192K), 4 survivors (8192K)
 Metaspace       used 11379K, capacity 11477K, committed 11648K, reserved 1060864K
  class space    used 1031K, capacity 1053K, committed 1152K, reserved 1048576K
}
Event: 0.569 GC heap before
{Heap before GC invocations=3 (full 0):
 garbage-first heap   total 262144K, used 104819K [0x0000000701200000, 0x0000000800000000)
  region size 2048K, 46 young (94208K), 4 survivors (8192K)
 Metaspace       used 11379K, capacity 11477K, committed 11648K, reserved 1060864K
  class space    used 1031K, capacity 1053K, committed 1152K, reserved 1048576K
}
Event: 0.580 GC heap after
{Heap after GC invocations=4 (full 0):
 garbage-first heap   total 262144K, used 33830K [0x0000000701200000, 0x0000000800000000)
  region size 2048K, 6 young (12288K), 6 survivors (12288K)
 Metaspace       used 11379K, capacity 11477K, committed 11648K, reserved 1060864K
  class space    used 1031K, capacity 1053K, committed 1152K, reserved 1048576K
}
Event: 0.639 GC heap before
{Heap before GC invocations=4 (full 0):
 garbage-first heap   total 262144K, used 142374K [0x0000000701200000, 0x0000000800000000)
  region size 2048K, 59 young (120832K), 6 survivors (12288K)
 Metaspace       used 11379K, capacity 11477K, committed 11648K, reserved 1060864K
  class space    used 1031K, capacity 1053K, committed 1152K, reserved 1048576K
}
Event: 0.653 GC heap after
{Heap after GC invocations=5 (full 0):
 garbage-first heap   total 382976K, used 52720K [0x0000000701200000, 0x0000000800000000)
  region size 2048K, 8 young (16384K), 8 survivors (16384K)
 Metaspace       used 11379K, capacity 11477K, committed 11648K, reserved 1060864K
  class space    used 1031K, capacity 1053K, committed 1152K, reserved 1048576K
}
Event: 0.764 GC heap before
{Heap before GC invocations=5 (full 0):
 garbage-first heap   total 382976K, used 196080K [0x0000000701200000, 0x0000000800000000)
  region size 2048K, 78 young (159744K), 8 survivors (16384K)
 Metaspace       used 11379K, capacity 11477K, committed 11648K, reserved 1060864K
  class space    used 1031K, capacity 1053K, committed 1152K, reserved 1048576K
}
Event: 0.786 GC heap after
{Heap after GC invocations=6 (full 0):
 garbage-first heap   total 382976K, used 77824K [0x0000000701200000, 0x0000000800000000)
  region size 2048K, 10 young (20480K), 10 survivors (20480K)
 Metaspace       used 11379K, capacity 11477K, committed 11648K, reserved 1060864K
  class space    used 1031K, capacity 1053K, committed 1152K, reserved 1048576K
}
Event: 0.844 GC heap before
{Heap before GC invocations=6 (full 0):
 garbage-first heap   total 382976K, used 243712K [0x0000000701200000, 0x0000000800000000)
  region size 2048K, 91 young (186368K), 10 survivors (20480K)
 Metaspace       used 11379K, capacity 11477K, committed 11648K, reserved 1060864K
  class space    used 1031K, capacity 1053K, committed 1152K, reserved 1048576K
}
Event: 0.862 GC heap after
{Heap after GC invocations=7 (full 0):
 garbage-first heap   total 382976K, used 106496K [0x0000000701200000, 0x0000000800000000)
  region size 2048K, 12 young (24576K), 12 survivors (24576K)
 Metaspace       used 11379K, capacity 11477K, committed 11648K, reserved 1060864K
  class space    used 1031K, capacity 1053K, committed 1152K, reserved 1048576K
}
Event: 0.927 GC heap before
{Heap before GC invocations=7 (full 0):
 garbage-first heap   total 382976K, used 262144K [0x0000000701200000, 0x0000000800000000)
  region size 2048K, 88 young (180224K), 12 survivors (24576K)
 Metaspace       used 11379K, capacity 11477K, committed 11648K, reserved 1060864K
  class space    used 1031K, capacity 1053K, committed 1152K, reserved 1048576K
}
Event: 0.949 GC heap after
{Heap after GC invocations=8 (full 0):
 garbage-first heap   total 382976K, used 133841K [0x0000000701200000, 0x0000000800000000)
  region size 2048K, 11 young (22528K), 11 survivors (22528K)
 Metaspace       used 11379K, capacity 11477K, committed 11648K, reserved 1060864K
  class space    used 1031K, capacity 1053K, committed 1152K, reserved 1048576K
}
Event: 0.992 GC heap before
{Heap before GC invocations=8 (full 0):
 garbage-first heap   total 382976K, used 279249K [0x0000000701200000, 0x0000000800000000)
  region size 2048K, 82 young (167936K), 11 survivors (22528K)
 Metaspace       used 11379K, capacity 11477K, committed 11648K, reserved 1060864K
  class space    used 1031K, capacity 1053K, committed 1152K, reserved 1048576K
}
Event: 1.013 GC heap after
{Heap after GC invocations=9 (full 0):
 garbage-first heap   total 884736K, used 159380K [0x0000000701200000, 0x0000000800000000)
  region size 2048K, 11 young (22528K), 11 survivors (22528K)
 Metaspace       used 11379K, capacity 11477K, committed 11648K, reserved 1060864K
  class space    used 1031K, capacity 1053K, committed 1152K, reserved 1048576K
}
Event: 1.313 GC heap before
{Heap before GC invocations=9 (full 0):
 garbage-first heap   total 884736K, used 587412K [0x0000000701200000, 0x0000000800000000)
  region size 2048K, 220 young (450560K), 11 survivors (22528K)
 Metaspace       used 11379K, capacity 11477K, committed 11648K, reserved 1060864K
  class space    used 1031K, capacity 1053K, committed 1152K, reserved 1048576K
}
Event: 1.347 GC heap after
{Heap after GC invocations=10 (full 0):
 garbage-first heap   total 884736K, used 224813K [0x0000000701200000, 0x0000000800000000)
  region size 2048K, 28 young (57344K), 28 survivors (57344K)
 Metaspace       used 11379K, capacity 11477K, committed 11648K, reserved 1060864K
  class space    used 1031K, capacity 1053K, committed 1152K, reserved 1048576K
}
Event: 1.456 GC heap before
{Heap before GC invocations=10 (full 0):
 garbage-first heap   total 884736K, used 595501K [0x0000000701200000, 0x0000000800000000)
  region size 2048K, 209 young (428032K), 28 survivors (57344K)
 Metaspace       used 11379K, capacity 11477K, committed 11648K, reserved 1060864K
  class space    used 1031K, capacity 1053K, committed 1152K, reserved 1048576K
}
Event: 1.495 GC heap after
{Heap after GC invocations=11 (full 0):
 garbage-first heap   total 884736K, used 288532K [0x0000000701200000, 0x0000000800000000)
  region size 2048K, 27 young (55296K), 27 survivors (55296K)
 Metaspace       used 11379K, capacity 11477K, committed 11648K, reserved 1060864K
  class space    used 1031K, capacity 1053K, committed 1152K, reserved 1048576K
}
Event: 1.595 GC heap before
{Heap before GC invocations=11 (full 0):
 garbage-first heap   total 884736K, used 628500K [0x0000000701200000, 0x0000000800000000)
  region size 2048K, 193 young (395264K), 27 survivors (55296K)
 Metaspace       used 11379K, capacity 11477K, committed 11648K, reserved 1060864K
  class space    used 1031K, capacity 1053K, committed 1152K, reserved 1048576K
}
Event: 1.639 GC heap after
{Heap after GC invocations=12 (full 0):
 garbage-first heap   total 884736K, used 348160K [0x0000000701200000, 0x0000000800000000)
  region size 2048K, 25 young (51200K), 25 survivors (51200K)
 Metaspace       used 11379K, capacity 11477K, committed 11648K, reserved 1060864K
  class space    used 1031K, capacity 1053K, committed 1152K, reserved 1048576K
}
Event: 1.729 GC heap before
{Heap before GC invocations=12 (full 0):
 garbage-first heap   total 884736K, used 657408K [0x0000000701200000, 0x0000000800000000)
  region size 2048K, 176 young (360448K), 25 survivors (51200K)
 Metaspace       used 11379K, capacity 11477K, committed 11648K, reserved 1060864K
  class space    used 1031K, capacity 1053K, committed 1152K, reserved 1048576K
}

