# JRE version: OpenJDK Runtime Environment (15.0.2+7) (build 15.0.2+7-27)
# Java VM: OpenJDK 64-Bit Server VM (15.0.2+7-27, mixed mode, tiered, compressed oops, g1 gc, windows-amd64)
GC Precious Log:
 CPUs: 6 total, 6 available
 Memory: 16310M
 Large Page Support: Disabled
 NUMA Support: Disabled
 Compressed Oops: Enabled (Zero based)
 Heap Region Size: 2M
 Heap Min Capacity: 8M
 Heap Initial Capacity: 256M
 Heap Max Capacity: 4078M
 Pre-touch: Disabled
 Parallel Workers: 6
 Concurrent Workers: 2
 Concurrent Refinement Workers: 6
 Periodic GC: Disabled
Heap:
 garbage-first heap   total 378880K, used 3014K [0x0000000701200000, 0x0000000800000000)
  region size 2048K, 2 young (4096K), 2 survivors (4096K)
 Metaspace       used 11413K, capacity 11541K, committed 11648K, reserved 1060864K
  class space    used 1032K, capacity 1053K, committed 1152K, reserved 1048576K
GC Heap History (17 events):
Event: 0.410 GC heap before
{Heap before GC invocations=0 (full 0):
 garbage-first heap   total 262144K, used 20480K [0x0000000701200000, 0x0000000800000000)
  region size 2048K, 10 young (20480K), 0 survivors (0K)
 Metaspace       used 11385K, capacity 11541K, committed 11648K, reserved 1060864K
  class space    used 1032K, capacity 1053K, committed 1152K, reserved 1048576K
}
Event: 0.413 GC heap after
{Heap after GC invocations=1 (full 0):
 garbage-first heap   total 262144K, used 2135K [0x0000000701200000, 0x0000000800000000)
  region size 2048K, 2 young (4096K), 2 survivors (4096K)
 Metaspace       used 11385K, capacity 11541K, committed 11648K, reserved 1060864K
  class space    used 1032K, capacity 1053K, committed 1152K, reserved 1048576K
}
Event: 0.465 GC heap before
{Heap before GC invocations=1 (full 0):
 garbage-first heap   total 262144K, used 32855K [0x0000000701200000, 0x0000000800000000)
  region size 2048K, 17 young (34816K), 2 survivors (4096K)
 Metaspace       used 11397K, capacity 11541K, committed 11648K, reserved 1060864K
  class space    used 1032K, capacity 1053K, committed 1152K, reserved 1048576K
}
Event: 0.467 GC heap after
{Heap after GC invocations=2 (full 0):
 garbage-first heap   total 262144K, used 2471K [0x0000000701200000, 0x0000000800000000)
  region size 2048K, 2 young (4096K), 2 survivors (4096K)
 Metaspace       used 11397K, capacity 11541K, committed 11648K, reserved 1060864K
  class space    used 1032K, capacity 1053K, committed 1152K, reserved 1048576K
}
Event: 0.660 GC heap before
{Heap before GC invocations=2 (full 0):
 garbage-first heap   total 262144K, used 154023K [0x0000000701200000, 0x0000000800000000)
  region size 2048K, 76 young (155648K), 2 survivors (4096K)
 Metaspace       used 11412K, capacity 11541K, committed 11648K, reserved 1060864K
  class space    used 1032K, capacity 1053K, committed 1152K, reserved 1048576K
}
Event: 0.662 GC heap after
{Heap after GC invocations=3 (full 0):
 garbage-first heap   total 262144K, used 2452K [0x0000000701200000, 0x0000000800000000)
  region size 2048K, 2 young (4096K), 2 survivors (4096K)
 Metaspace       used 11412K, capacity 11541K, committed 11648K, reserved 1060864K
  class space    used 1032K, capacity 1053K, committed 1152K, reserved 1048576K
}
Event: 0.751 GC heap before
{Heap before GC invocations=3 (full 0):
 garbage-first heap   total 262144K, used 154004K [0x0000000701200000, 0x0000000800000000)
  region size 2048K, 76 young (155648K), 2 survivors (4096K)
 Metaspace       used 11412K, capacity 11541K, committed 11648K, reserved 1060864K
  class space    used 1032K, capacity 1053K, committed 1152K, reserved 1048576K
}
Event: 0.753 GC heap after
{Heap after GC invocations=4 (full 0):
 garbage-first heap   total 262144K, used 2549K [0x0000000701200000, 0x0000000800000000)
  region size 2048K, 2 young (4096K), 2 survivors (4096K)
 Metaspace       used 11412K, capacity 11541K, committed 11648K, reserved 1060864K
  class space    used 1032K, capacity 1053K, committed 1152K, reserved 1048576K
}
Event: 0.851 GC heap before
{Heap before GC invocations=4 (full 0):
 garbage-first heap   total 262144K, used 154101K [0x0000000701200000, 0x0000000800000000)
  region size 2048K, 76 young (155648K), 2 survivors (4096K)
 Metaspace       used 11412K, capacity 11541K, committed 11648K, reserved 1060864K
  class space    used 1032K, capacity 1053K, committed 1152K, reserved 1048576K
}
Event: 0.852 GC heap after
{Heap after GC invocations=5 (full 0):
 garbage-first heap   total 315392K, used 2727K [0x0000000701200000, 0x0000000800000000)
  region size 2048K, 2 young (4096K), 2 survivors (4096K)
 Metaspace       used 11412K, capacity 11541K, committed 11648K, reserved 1060864K
  class space    used 1032K, capacity 1053K, committed 1152K, reserved 1048576K
}
Event: 0.977 GC heap before
{Heap before GC invocations=5 (full 0):
 garbage-first heap   total 315392K, used 187047K [0x0000000701200000, 0x0000000800000000)
  region size 2048K, 92 young (188416K), 2 survivors (4096K)
 Metaspace       used 11412K, capacity 11541K, committed 11648K, reserved 1060864K
  class space    used 1032K, capacity 1053K, committed 1152K, reserved 1048576K
}
Event: 0.979 GC heap after
{Heap after GC invocations=6 (full 0):
 garbage-first heap   total 315392K, used 2761K [0x0000000701200000, 0x0000000800000000)
  region size 2048K, 2 young (4096K), 2 survivors (4096K)
 Metaspace       used 11412K, capacity 11541K, committed 11648K, reserved 1060864K
  class space    used 1032K, capacity 1053K, committed 1152K, reserved 1048576K
}
Event: 1.067 GC heap before
{Heap before GC invocations=6 (full 0):
 garbage-first heap   total 315392K, used 187081K [0x0000000701200000, 0x0000000800000000)
  region size 2048K, 92 young (188416K), 2 survivors (4096K)
 Metaspace       used 11413K, capacity 11541K, committed 11648K, reserved 1060864K
  class space    used 1032K, capacity 1053K, committed 1152K, reserved 1048576K
}
Event: 1.069 GC heap after
{Heap after GC invocations=7 (full 0):
 garbage-first heap   total 315392K, used 2736K [0x0000000701200000, 0x0000000800000000)
  region size 2048K, 2 young (4096K), 2 survivors (4096K)
 Metaspace       used 11413K, capacity 11541K, committed 11648K, reserved 1060864K
  class space    used 1032K, capacity 1053K, committed 1152K, reserved 1048576K
}
Event: 1.145 GC heap before
{Heap before GC invocations=7 (full 0):
 garbage-first heap   total 315392K, used 187056K [0x0000000701200000, 0x0000000800000000)
  region size 2048K, 92 young (188416K), 2 survivors (4096K)
 Metaspace       used 11413K, capacity 11541K, committed 11648K, reserved 1060864K
  class space    used 1032K, capacity 1053K, committed 1152K, reserved 1048576K
}
Event: 1.147 GC heap after
{Heap after GC invocations=8 (full 0):
 garbage-first heap   total 315392K, used 2890K [0x0000000701200000, 0x0000000800000000)
  region size 2048K, 2 young (4096K), 2 survivors (4096K)
 Metaspace       used 11413K, capacity 11541K, committed 11648K, reserved 1060864K
  class space    used 1032K, capacity 1053K, committed 1152K, reserved 1048576K
}
Event: 1.228 GC heap before
{Heap before GC invocations=8 (full 0):
 garbage-first heap   total 315392K, used 187210K [0x0000000701200000, 0x0000000800000000)
  region size 2048K, 92 young (188416K), 2 survivors (4096K)
 Metaspace       used 11413K, capacity 11541K, committed 11648K, reserved 1060864K
  class space    used 1032K, capacity 1053K, committed 1152K, reserved 1048576K
}

