# JRE version: OpenJDK Runtime Environment (15.0.2+7) (build 15.0.2+7-27)
# Java VM: OpenJDK 64-Bit Server VM (15.0.2+7-27, mixed mode, tiered, compressed oops, g1 gc, windows-amd64)
GC Precious Log:
 CPUs: 6 total, 6 available
 Memory: 16310M
 Large Page Support: Disabled
 NUMA Support: Disabled
 Compressed Oops: Enabled (Zero based)
 Heap Region Size: 2M
 Heap Min Capacity: 8M
 Heap Initial Capacity: 256M
 Heap Max Capacity: 4078M
 Pre-touch: Disabled
 Parallel Workers: 6
 Concurrent Workers: 2
 Concurrent Refinement Workers: 6
 Periodic GC: Disabled
Heap:
 garbage-first heap   total 454656K, used 3068K [0x0000000701200000, 0x0000000800000000)
  region size 2048K, 2 young (4096K), 2 survivors (4096K)
 Metaspace       used 11424K, capacity 11541K, committed 11648K, reserved 1060864K
  class space    used 1033K, capacity 1053K, committed 1152K, reserved 1048576K
GC Heap History (20 events):
Event: 0.796 GC heap after
{Heap after GC invocations=5 (full 0):
 garbage-first heap   total 262144K, used 2581K [0x0000000701200000, 0x0000000800000000)
  region size 2048K, 2 young (4096K), 2 survivors (4096K)
 Metaspace       used 11418K, capacity 11541K, committed 11648K, reserved 1060864K
  class space    used 1032K, capacity 1053K, committed 1152K, reserved 1048576K
}
Event: 0.871 GC heap before
{Heap before GC invocations=5 (full 0):
 garbage-first heap   total 262144K, used 154133K [0x0000000701200000, 0x0000000800000000)
  region size 2048K, 76 young (155648K), 2 survivors (4096K)
 Metaspace       used 11418K, capacity 11541K, committed 11648K, reserved 1060864K
  class space    used 1032K, capacity 1053K, committed 1152K, reserved 1048576K
}
Event: 0.872 GC heap after
{Heap after GC invocations=6 (full 0):
 garbage-first heap   total 315392K, used 2758K [0x0000000701200000, 0x0000000800000000)
  region size 2048K, 2 young (4096K), 2 survivors (4096K)
 Metaspace       used 11418K, capacity 11541K, committed 11648K, reserved 1060864K
  class space    used 1032K, capacity 1053K, committed 1152K, reserved 1048576K
}
Event: 0.980 GC heap before
{Heap before GC invocations=6 (full 0):
 garbage-first heap   total 315392K, used 187078K [0x0000000701200000, 0x0000000800000000)
  region size 2048K, 92 young (188416K), 2 survivors (4096K)
 Metaspace       used 11419K, capacity 11541K, committed 11648K, reserved 1060864K
  class space    used 1032K, capacity 1053K, committed 1152K, reserved 1048576K
}
Event: 0.982 GC heap after
{Heap after GC invocations=7 (full 0):
 garbage-first heap   total 315392K, used 2784K [0x0000000701200000, 0x0000000800000000)
  region size 2048K, 2 young (4096K), 2 survivors (4096K)
 Metaspace       used 11419K, capacity 11541K, committed 11648K, reserved 1060864K
  class space    used 1032K, capacity 1053K, committed 1152K, reserved 1048576K
}
Event: 1.054 GC heap before
{Heap before GC invocations=7 (full 0):
 garbage-first heap   total 315392K, used 187104K [0x0000000701200000, 0x0000000800000000)
  region size 2048K, 92 young (188416K), 2 survivors (4096K)
 Metaspace       used 11419K, capacity 11541K, committed 11648K, reserved 1060864K
  class space    used 1032K, capacity 1053K, committed 1152K, reserved 1048576K
}
Event: 1.056 GC heap after
{Heap after GC invocations=8 (full 0):
 garbage-first heap   total 315392K, used 2986K [0x0000000701200000, 0x0000000800000000)
  region size 2048K, 2 young (4096K), 2 survivors (4096K)
 Metaspace       used 11419K, capacity 11541K, committed 11648K, reserved 1060864K
  class space    used 1032K, capacity 1053K, committed 1152K, reserved 1048576K
}
Event: 1.125 GC heap before
{Heap before GC invocations=8 (full 0):
 garbage-first heap   total 315392K, used 187306K [0x0000000701200000, 0x0000000800000000)
  region size 2048K, 92 young (188416K), 2 survivors (4096K)
 Metaspace       used 11419K, capacity 11541K, committed 11648K, reserved 1060864K
  class space    used 1032K, capacity 1053K, committed 1152K, reserved 1048576K
}
Event: 1.127 GC heap after
{Heap after GC invocations=9 (full 0):
 garbage-first heap   total 315392K, used 2916K [0x0000000701200000, 0x0000000800000000)
  region size 2048K, 2 young (4096K), 2 survivors (4096K)
 Metaspace       used 11419K, capacity 11541K, committed 11648K, reserved 1060864K
  class space    used 1032K, capacity 1053K, committed 1152K, reserved 1048576K
}
Event: 1.196 GC heap before
{Heap before GC invocations=9 (full 0):
 garbage-first heap   total 315392K, used 187236K [0x0000000701200000, 0x0000000800000000)
  region size 2048K, 92 young (188416K), 2 survivors (4096K)
 Metaspace       used 11419K, capacity 11541K, committed 11648K, reserved 1060864K
  class space    used 1032K, capacity 1053K, committed 1152K, reserved 1048576K
}
Event: 1.198 GC heap after
{Heap after GC invocations=10 (full 0):
 garbage-first heap   total 378880K, used 3069K [0x0000000701200000, 0x0000000800000000)
  region size 2048K, 2 young (4096K), 2 survivors (4096K)
 Metaspace       used 11419K, capacity 11541K, committed 11648K, reserved 1060864K
  class space    used 1032K, capacity 1053K, committed 1152K, reserved 1048576K
}
Event: 1.306 GC heap before
{Heap before GC invocations=10 (full 0):
 garbage-first heap   total 378880K, used 226301K [0x0000000701200000, 0x0000000800000000)
  region size 2048K, 111 young (227328K), 2 survivors (4096K)
 Metaspace       used 11424K, capacity 11541K, committed 11648K, reserved 1060864K
  class space    used 1033K, capacity 1053K, committed 1152K, reserved 1048576K
}
Event: 1.308 GC heap after
{Heap after GC invocations=11 (full 0):
 garbage-first heap   total 378880K, used 2499K [0x0000000701200000, 0x0000000800000000)
  region size 2048K, 2 young (4096K), 2 survivors (4096K)
 Metaspace       used 11424K, capacity 11541K, committed 11648K, reserved 1060864K
  class space    used 1033K, capacity 1053K, committed 1152K, reserved 1048576K
}
Event: 1.398 GC heap before
{Heap before GC invocations=11 (full 0):
 garbage-first heap   total 378880K, used 225731K [0x0000000701200000, 0x0000000800000000)
  region size 2048K, 111 young (227328K), 2 survivors (4096K)
 Metaspace       used 11424K, capacity 11541K, committed 11648K, reserved 1060864K
  class space    used 1033K, capacity 1053K, committed 1152K, reserved 1048576K
}
Event: 1.400 GC heap after
{Heap after GC invocations=12 (full 0):
 garbage-first heap   total 378880K, used 2609K [0x0000000701200000, 0x0000000800000000)
  region size 2048K, 2 young (4096K), 2 survivors (4096K)
 Metaspace       used 11424K, capacity 11541K, committed 11648K, reserved 1060864K
  class space    used 1033K, capacity 1053K, committed 1152K, reserved 1048576K
}
Event: 1.485 GC heap before
{Heap before GC invocations=12 (full 0):
 garbage-first heap   total 378880K, used 225841K [0x0000000701200000, 0x0000000800000000)
  region size 2048K, 111 young (227328K), 2 survivors (4096K)
 Metaspace       used 11424K, capacity 11541K, committed 11648K, reserved 1060864K
  class space    used 1033K, capacity 1053K, committed 1152K, reserved 1048576K
}
Event: 1.487 GC heap after
{Heap after GC invocations=13 (full 0):
 garbage-first heap   total 378880K, used 2771K [0x0000000701200000, 0x0000000800000000)
  region size 2048K, 2 young (4096K), 2 survivors (4096K)
 Metaspace       used 11424K, capacity 11541K, committed 11648K, reserved 1060864K
  class space    used 1033K, capacity 1053K, committed 1152K, reserved 1048576K
}
Event: 1.572 GC heap before
{Heap before GC invocations=13 (full 0):
 garbage-first heap   total 378880K, used 226003K [0x0000000701200000, 0x0000000800000000)
  region size 2048K, 111 young (227328K), 2 survivors (4096K)
 Metaspace       used 11424K, capacity 11541K, committed 11648K, reserved 1060864K
  class space    used 1033K, capacity 1053K, committed 1152K, reserved 1048576K
}
Event: 1.574 GC heap after
{Heap after GC invocations=14 (full 0):
 garbage-first heap   total 378880K, used 2866K [0x0000000701200000, 0x0000000800000000)
  region size 2048K, 2 young (4096K), 2 survivors (4096K)
 Metaspace       used 11424K, capacity 11541K, committed 11648K, reserved 1060864K
  class space    used 1033K, capacity 1053K, committed 1152K, reserved 1048576K
}
Event: 1.656 GC heap before
{Heap before GC invocations=14 (full 0):
 garbage-first heap   total 378880K, used 226098K [0x0000000701200000, 0x0000000800000000)
  region size 2048K, 111 young (227328K), 2 survivors (4096K)
 Metaspace       used 11424K, capacity 11541K, committed 11648K, reserved 1060864K
  class space    used 1033K, capacity 1053K, committed 1152K, reserved 1048576K
}

