# JRE version: OpenJDK Runtime Environment (15.0.2+7) (build 15.0.2+7-27)
# Java VM: OpenJDK 64-Bit Server VM (15.0.2+7-27, mixed mode, tiered, compressed oops, g1 gc, windows-amd64)
GC Precious Log:
 CPUs: 6 total, 6 available
 Memory: 16310M
 Large Page Support: Disabled
 NUMA Support: Disabled
 Compressed Oops: Enabled (Zero based)
 Heap Region Size: 2M
 Heap Min Capacity: 8M
 Heap Initial Capacity: 256M
 Heap Max Capacity: 4078M
 Pre-touch: Disabled
 Parallel Workers: 6
 Concurrent Workers: 2
 Concurrent Refinement Workers: 6
 Periodic GC: Disabled
Heap:
 garbage-first heap   total 708608K, used 112798K [0x0000000701200000, 0x0000000800000000)
  region size 2048K, 8 young (16384K), 8 survivors (16384K)
 Metaspace       used 11399K, capacity 11541K, committed 11648K, reserved 1060864K
  class space    used 1034K, capacity 1053K, committed 1152K, reserved 1048576K
GC Heap History (17 events):
Event: 0.431 GC heap before
{Heap before GC invocations=0 (full 0):
 garbage-first heap   total 262144K, used 20480K [0x0000000701200000, 0x0000000800000000)
  region size 2048K, 10 young (20480K), 0 survivors (0K)
 Metaspace       used 11388K, capacity 11477K, committed 11648K, reserved 1060864K
  class space    used 1034K, capacity 1053K, committed 1152K, reserved 1048576K
}
Event: 0.434 GC heap after
{Heap after GC invocations=1 (full 0):
 garbage-first heap   total 262144K, used 3129K [0x0000000701200000, 0x0000000800000000)
  region size 2048K, 2 young (4096K), 2 survivors (4096K)
 Metaspace       used 11388K, capacity 11477K, committed 11648K, reserved 1060864K
  class space    used 1034K, capacity 1053K, committed 1152K, reserved 1048576K
}
Event: 0.462 GC heap before
{Heap before GC invocations=1 (full 0):
 garbage-first heap   total 262144K, used 29753K [0x0000000701200000, 0x0000000800000000)
  region size 2048K, 15 young (30720K), 2 survivors (4096K)
 Metaspace       used 11390K, capacity 11477K, committed 11648K, reserved 1060864K
  class space    used 1034K, capacity 1053K, committed 1152K, reserved 1048576K
}
Event: 0.466 GC heap after
{Heap after GC invocations=2 (full 0):
 garbage-first heap   total 262144K, used 5841K [0x0000000701200000, 0x0000000800000000)
  region size 2048K, 2 young (4096K), 2 survivors (4096K)
 Metaspace       used 11390K, capacity 11477K, committed 11648K, reserved 1060864K
  class space    used 1034K, capacity 1053K, committed 1152K, reserved 1048576K
}
Event: 0.632 GC heap before
{Heap before GC invocations=2 (full 0):
 garbage-first heap   total 262144K, used 114385K [0x0000000701200000, 0x0000000800000000)
  region size 2048K, 55 young (112640K), 2 survivors (4096K)
 Metaspace       used 11398K, capacity 11541K, committed 11648K, reserved 1060864K
  class space    used 1034K, capacity 1053K, committed 1152K, reserved 1048576K
}
Event: 0.638 GC heap after
{Heap after GC invocations=3 (full 0):
 garbage-first heap   total 262144K, used 16378K [0x0000000701200000, 0x0000000800000000)
  region size 2048K, 7 young (14336K), 7 survivors (14336K)
 Metaspace       used 11398K, capacity 11541K, committed 11648K, reserved 1060864K
  class space    used 1034K, capacity 1053K, committed 1152K, reserved 1048576K
}
Event: 0.731 GC heap before
{Heap before GC invocations=3 (full 0):
 garbage-first heap   total 262144K, used 157690K [0x0000000701200000, 0x0000000800000000)
  region size 2048K, 76 young (155648K), 7 survivors (14336K)
 Metaspace       used 11398K, capacity 11541K, committed 11648K, reserved 1060864K
  class space    used 1034K, capacity 1053K, committed 1152K, reserved 1048576K
}
Event: 0.742 GC heap after
{Heap after GC invocations=4 (full 0):
 garbage-first heap   total 262144K, used 30506K [0x0000000701200000, 0x0000000800000000)
  region size 2048K, 7 young (14336K), 7 survivors (14336K)
 Metaspace       used 11398K, capacity 11541K, committed 11648K, reserved 1060864K
  class space    used 1034K, capacity 1053K, committed 1152K, reserved 1048576K
}
Event: 0.815 GC heap before
{Heap before GC invocations=4 (full 0):
 garbage-first heap   total 262144K, used 171818K [0x0000000701200000, 0x0000000800000000)
  region size 2048K, 76 young (155648K), 7 survivors (14336K)
 Metaspace       used 11398K, capacity 11541K, committed 11648K, reserved 1060864K
  class space    used 1034K, capacity 1053K, committed 1152K, reserved 1048576K
}
Event: 0.825 GC heap after
{Heap after GC invocations=5 (full 0):
 garbage-first heap   total 354304K, used 43906K [0x0000000701200000, 0x0000000800000000)
  region size 2048K, 7 young (14336K), 7 survivors (14336K)
 Metaspace       used 11398K, capacity 11541K, committed 11648K, reserved 1060864K
  class space    used 1034K, capacity 1053K, committed 1152K, reserved 1048576K
}
Event: 0.944 GC heap before
{Heap before GC invocations=5 (full 0):
 garbage-first heap   total 354304K, used 240514K [0x0000000701200000, 0x0000000800000000)
  region size 2048K, 103 young (210944K), 7 survivors (14336K)
 Metaspace       used 11399K, capacity 11541K, committed 11648K, reserved 1060864K
  class space    used 1034K, capacity 1053K, committed 1152K, reserved 1048576K
}
Event: 0.955 GC heap after
{Heap after GC invocations=6 (full 0):
 garbage-first heap   total 354304K, used 61440K [0x0000000701200000, 0x0000000800000000)
  region size 2048K, 13 young (26624K), 13 survivors (26624K)
 Metaspace       used 11399K, capacity 11541K, committed 11648K, reserved 1060864K
  class space    used 1034K, capacity 1053K, committed 1152K, reserved 1048576K
}
Event: 1.040 GC heap before
{Heap before GC invocations=6 (full 0):
 garbage-first heap   total 354304K, used 245760K [0x0000000701200000, 0x0000000800000000)
  region size 2048K, 103 young (210944K), 13 survivors (26624K)
 Metaspace       used 11399K, capacity 11541K, committed 11648K, reserved 1060864K
  class space    used 1034K, capacity 1053K, committed 1152K, reserved 1048576K
}
Event: 1.065 GC heap after
{Heap after GC invocations=7 (full 0):
 garbage-first heap   total 354304K, used 80463K [0x0000000701200000, 0x0000000800000000)
  region size 2048K, 9 young (18432K), 9 survivors (18432K)
 Metaspace       used 11399K, capacity 11541K, committed 11648K, reserved 1060864K
  class space    used 1034K, capacity 1053K, committed 1152K, reserved 1048576K
}
Event: 1.131 GC heap before
{Heap before GC invocations=7 (full 0):
 garbage-first heap   total 354304K, used 266831K [0x0000000701200000, 0x0000000800000000)
  region size 2048K, 100 young (204800K), 9 survivors (18432K)
 Metaspace       used 11399K, capacity 11541K, committed 11648K, reserved 1060864K
  class space    used 1034K, capacity 1053K, committed 1152K, reserved 1048576K
}
Event: 1.143 GC heap after
{Heap after GC invocations=8 (full 0):
 garbage-first heap   total 354304K, used 96809K [0x0000000701200000, 0x0000000800000000)
  region size 2048K, 9 young (18432K), 9 survivors (18432K)
 Metaspace       used 11399K, capacity 11541K, committed 11648K, reserved 1060864K
  class space    used 1034K, capacity 1053K, committed 1152K, reserved 1048576K
}
Event: 1.206 GC heap before
{Heap before GC invocations=8 (full 0):
 garbage-first heap   total 354304K, used 274985K [0x0000000701200000, 0x0000000800000000)
  region size 2048K, 96 young (196608K), 9 survivors (18432K)
 Metaspace       used 11399K, capacity 11541K, committed 11648K, reserved 1060864K
  class space    used 1034K, capacity 1053K, committed 1152K, reserved 1048576K
}

