# JRE version: OpenJDK Runtime Environment (15.0.2+7) (build 15.0.2+7-27)
# Java VM: OpenJDK 64-Bit Server VM (15.0.2+7-27, mixed mode, tiered, compressed oops, g1 gc, windows-amd64)
GC Precious Log:
 CPUs: 6 total, 6 available
 Memory: 16310M
 Large Page Support: Disabled
 NUMA Support: Disabled
 Compressed Oops: Enabled (Zero based)
 Heap Region Size: 2M
 Heap Min Capacity: 8M
 Heap Initial Capacity: 256M
 Heap Max Capacity: 4078M
 Pre-touch: Disabled
 Parallel Workers: 6
 Concurrent Workers: 2
 Concurrent Refinement Workers: 6
 Periodic GC: Disabled
Heap:
 garbage-first heap   total 546816K, used 37197K [0x0000000701200000, 0x0000000800000000)
  region size 2048K, 3 young (6144K), 3 survivors (6144K)
 Metaspace       used 11448K, capacity 11573K, committed 11648K, reserved 1060864K
  class space    used 1034K, capacity 1085K, committed 1152K, reserved 1048576K
GC Heap History (20 events):
Event: 31.860 GC heap after
{Heap after GC invocations=258 (full 0):
 garbage-first heap   total 454656K, used 34652K [0x0000000701200000, 0x0000000800000000)
  region size 2048K, 2 young (4096K), 2 survivors (4096K)
 Metaspace       used 11448K, capacity 11573K, committed 11648K, reserved 1060864K
  class space    used 1034K, capacity 1085K, committed 1152K, reserved 1048576K
}
Event: 31.983 GC heap before
{Heap before GC invocations=258 (full 0):
 garbage-first heap   total 454656K, used 302940K [0x0000000701200000, 0x0000000800000000)
  region size 2048K, 133 young (272384K), 2 survivors (4096K)
 Metaspace       used 11448K, capacity 11573K, committed 11648K, reserved 1060864K
  class space    used 1034K, capacity 1085K, committed 1152K, reserved 1048576K
}
Event: 31.985 GC heap after
{Heap after GC invocations=259 (full 0):
 garbage-first heap   total 454656K, used 34712K [0x0000000701200000, 0x0000000800000000)
  region size 2048K, 2 young (4096K), 2 survivors (4096K)
 Metaspace       used 11448K, capacity 11573K, committed 11648K, reserved 1060864K
  class space    used 1034K, capacity 1085K, committed 1152K, reserved 1048576K
}
Event: 32.107 GC heap before
{Heap before GC invocations=259 (full 0):
 garbage-first heap   total 454656K, used 303000K [0x0000000701200000, 0x0000000800000000)
  region size 2048K, 133 young (272384K), 2 survivors (4096K)
 Metaspace       used 11448K, capacity 11573K, committed 11648K, reserved 1060864K
  class space    used 1034K, capacity 1085K, committed 1152K, reserved 1048576K
}
Event: 32.109 GC heap after
{Heap after GC invocations=260 (full 0):
 garbage-first heap   total 454656K, used 34803K [0x0000000701200000, 0x0000000800000000)
  region size 2048K, 2 young (4096K), 2 survivors (4096K)
 Metaspace       used 11448K, capacity 11573K, committed 11648K, reserved 1060864K
  class space    used 1034K, capacity 1085K, committed 1152K, reserved 1048576K
}
Event: 32.230 GC heap before
{Heap before GC invocations=260 (full 0):
 garbage-first heap   total 454656K, used 303091K [0x0000000701200000, 0x0000000800000000)
  region size 2048K, 133 young (272384K), 2 survivors (4096K)
 Metaspace       used 11448K, capacity 11573K, committed 11648K, reserved 1060864K
  class space    used 1034K, capacity 1085K, committed 1152K, reserved 1048576K
}
Event: 32.232 GC heap after
{Heap after GC invocations=261 (full 0):
 garbage-first heap   total 454656K, used 35674K [0x0000000701200000, 0x0000000800000000)
  region size 2048K, 3 young (6144K), 3 survivors (6144K)
 Metaspace       used 11448K, capacity 11573K, committed 11648K, reserved 1060864K
  class space    used 1034K, capacity 1085K, committed 1152K, reserved 1048576K
}
Event: 32.367 GC heap before
{Heap before GC invocations=261 (full 0):
 garbage-first heap   total 454656K, used 301914K [0x0000000701200000, 0x0000000800000000)
  region size 2048K, 133 young (272384K), 3 survivors (6144K)
 Metaspace       used 11448K, capacity 11573K, committed 11648K, reserved 1060864K
  class space    used 1034K, capacity 1085K, committed 1152K, reserved 1048576K
}
Event: 32.369 GC heap after
{Heap after GC invocations=262 (full 0):
 garbage-first heap   total 454656K, used 36351K [0x0000000701200000, 0x0000000800000000)
  region size 2048K, 3 young (6144K), 3 survivors (6144K)
 Metaspace       used 11448K, capacity 11573K, committed 11648K, reserved 1060864K
  class space    used 1034K, capacity 1085K, committed 1152K, reserved 1048576K
}
Event: 32.501 GC heap before
{Heap before GC invocations=262 (full 0):
 garbage-first heap   total 454656K, used 302591K [0x0000000701200000, 0x0000000800000000)
  region size 2048K, 133 young (272384K), 3 survivors (6144K)
 Metaspace       used 11448K, capacity 11573K, committed 11648K, reserved 1060864K
  class space    used 1034K, capacity 1085K, committed 1152K, reserved 1048576K
}
Event: 32.503 GC heap after
{Heap after GC invocations=263 (full 0):
 garbage-first heap   total 454656K, used 36155K [0x0000000701200000, 0x0000000800000000)
  region size 2048K, 3 young (6144K), 3 survivors (6144K)
 Metaspace       used 11448K, capacity 11573K, committed 11648K, reserved 1060864K
  class space    used 1034K, capacity 1085K, committed 1152K, reserved 1048576K
}
Event: 32.633 GC heap before
{Heap before GC invocations=263 (full 0):
 garbage-first heap   total 454656K, used 302395K [0x0000000701200000, 0x0000000800000000)
  region size 2048K, 133 young (272384K), 3 survivors (6144K)
 Metaspace       used 11448K, capacity 11573K, committed 11648K, reserved 1060864K
  class space    used 1034K, capacity 1085K, committed 1152K, reserved 1048576K
}
Event: 32.636 GC heap after
{Heap after GC invocations=264 (full 0):
 garbage-first heap   total 454656K, used 36536K [0x0000000701200000, 0x0000000800000000)
  region size 2048K, 3 young (6144K), 3 survivors (6144K)
 Metaspace       used 11448K, capacity 11573K, committed 11648K, reserved 1060864K
  class space    used 1034K, capacity 1085K, committed 1152K, reserved 1048576K
}
Event: 32.766 GC heap before
{Heap before GC invocations=264 (full 0):
 garbage-first heap   total 454656K, used 302776K [0x0000000701200000, 0x0000000800000000)
  region size 2048K, 133 young (272384K), 3 survivors (6144K)
 Metaspace       used 11448K, capacity 11573K, committed 11648K, reserved 1060864K
  class space    used 1034K, capacity 1085K, committed 1152K, reserved 1048576K
}
Event: 32.768 GC heap after
{Heap after GC invocations=265 (full 0):
 garbage-first heap   total 454656K, used 36633K [0x0000000701200000, 0x0000000800000000)
  region size 2048K, 3 young (6144K), 3 survivors (6144K)
 Metaspace       used 11448K, capacity 11573K, committed 11648K, reserved 1060864K
  class space    used 1034K, capacity 1085K, committed 1152K, reserved 1048576K
}
Event: 32.898 GC heap before
{Heap before GC invocations=265 (full 0):
 garbage-first heap   total 454656K, used 302873K [0x0000000701200000, 0x0000000800000000)
  region size 2048K, 133 young (272384K), 3 survivors (6144K)
 Metaspace       used 11448K, capacity 11573K, committed 11648K, reserved 1060864K
  class space    used 1034K, capacity 1085K, committed 1152K, reserved 1048576K
}
Event: 32.900 GC heap after
{Heap after GC invocations=266 (full 0):
 garbage-first heap   total 454656K, used 36704K [0x0000000701200000, 0x0000000800000000)
  region size 2048K, 3 young (6144K), 3 survivors (6144K)
 Metaspace       used 11448K, capacity 11573K, committed 11648K, reserved 1060864K
  class space    used 1034K, capacity 1085K, committed 1152K, reserved 1048576K
}
Event: 33.021 GC heap before
{Heap before GC invocations=266 (full 0):
 garbage-first heap   total 454656K, used 302944K [0x0000000701200000, 0x0000000800000000)
  region size 2048K, 133 young (272384K), 3 survivors (6144K)
 Metaspace       used 11448K, capacity 11573K, committed 11648K, reserved 1060864K
  class space    used 1034K, capacity 1085K, committed 1152K, reserved 1048576K
}
Event: 33.025 GC heap after
{Heap after GC invocations=267 (full 0):
 garbage-first heap   total 454656K, used 36713K [0x0000000701200000, 0x0000000800000000)
  region size 2048K, 3 young (6144K), 3 survivors (6144K)
 Metaspace       used 11448K, capacity 11573K, committed 11648K, reserved 1060864K
  class space    used 1034K, capacity 1085K, committed 1152K, reserved 1048576K
}
Event: 33.148 GC heap before
{Heap before GC invocations=267 (full 0):
 garbage-first heap   total 454656K, used 302953K [0x0000000701200000, 0x0000000800000000)
  region size 2048K, 133 young (272384K), 3 survivors (6144K)
 Metaspace       used 11448K, capacity 11573K, committed 11648K, reserved 1060864K
  class space    used 1034K, capacity 1085K, committed 1152K, reserved 1048576K
}

