# JRE version: OpenJDK Runtime Environment (15.0.2+7) (build 15.0.2+7-27)
# Java VM: OpenJDK 64-Bit Server VM (15.0.2+7-27, mixed mode, tiered, compressed oops, g1 gc, windows-amd64)
GC Precious Log:
 CPUs: 6 total, 6 available
 Memory: 16310M
 Large Page Support: Disabled
 NUMA Support: Disabled
 Compressed Oops: Enabled (Zero based)
 Heap Region Size: 2M
 Heap Min Capacity: 8M
 Heap Initial Capacity: 256M
 Heap Max Capacity: 4078M
 Pre-touch: Disabled
 Parallel Workers: 6
 Concurrent Workers: 2
 Concurrent Refinement Workers: 6
 Periodic GC: Disabled
Heap:
 garbage-first heap   total 2322432K, used 628736K [0x0000000701200000, 0x0000000800000000)
  region size 2048K, 13 young (26624K), 13 survivors (26624K)
 Metaspace       used 11365K, capacity 11413K, committed 11648K, reserved 1060864K
  class space    used 1030K, capacity 1053K, committed 1152K, reserved 1048576K
GC Heap History (20 events):
Event: 0.566 GC heap after
{Heap after GC invocations=3 (full 0):
 garbage-first heap   total 262144K, used 17794K [0x0000000701200000, 0x0000000800000000)
  region size 2048K, 4 young (8192K), 4 survivors (8192K)
 Metaspace       used 11365K, capacity 11413K, committed 11648K, reserved 1060864K
  class space    used 1030K, capacity 1053K, committed 1152K, reserved 1048576K
}
Event: 0.700 GC heap before
{Heap before GC invocations=3 (full 0):
 garbage-first heap   total 262144K, used 116098K [0x0000000701200000, 0x0000000800000000)
  region size 2048K, 52 young (106496K), 4 survivors (8192K)
 Metaspace       used 11365K, capacity 11413K, committed 11648K, reserved 1060864K
  class space    used 1030K, capacity 1053K, committed 1152K, reserved 1048576K
}
Event: 0.725 GC heap after
{Heap after GC invocations=4 (full 0):
 garbage-first heap   total 262144K, used 58174K [0x0000000701200000, 0x0000000800000000)
  region size 2048K, 7 young (14336K), 7 survivors (14336K)
 Metaspace       used 11365K, capacity 11413K, committed 11648K, reserved 1060864K
  class space    used 1030K, capacity 1053K, committed 1152K, reserved 1048576K
}
Event: 0.791 GC heap before
{Heap before GC invocations=4 (full 0):
 garbage-first heap   total 262144K, used 119614K [0x0000000701200000, 0x0000000800000000)
  region size 2048K, 37 young (75776K), 7 survivors (14336K)
 Metaspace       used 11365K, capacity 11413K, committed 11648K, reserved 1060864K
  class space    used 1030K, capacity 1053K, committed 1152K, reserved 1048576K
}
Event: 0.810 GC heap after
{Heap after GC invocations=5 (full 0):
 garbage-first heap   total 452608K, used 93042K [0x0000000701200000, 0x0000000800000000)
  region size 2048K, 5 young (10240K), 5 survivors (10240K)
 Metaspace       used 11365K, capacity 11413K, committed 11648K, reserved 1060864K
  class space    used 1030K, capacity 1053K, committed 1152K, reserved 1048576K
}
Event: 0.906 GC heap before
{Heap before GC invocations=5 (full 0):
 garbage-first heap   total 452608K, used 170866K [0x0000000701200000, 0x0000000800000000)
  region size 2048K, 43 young (88064K), 5 survivors (10240K)
 Metaspace       used 11365K, capacity 11413K, committed 11648K, reserved 1060864K
  class space    used 1030K, capacity 1053K, committed 1152K, reserved 1048576K
}
Event: 0.934 GC heap after
{Heap after GC invocations=6 (full 0):
 garbage-first heap   total 452608K, used 139264K [0x0000000701200000, 0x0000000800000000)
  region size 2048K, 6 young (12288K), 6 survivors (12288K)
 Metaspace       used 11365K, capacity 11413K, committed 11648K, reserved 1060864K
  class space    used 1030K, capacity 1053K, committed 1152K, reserved 1048576K
}
Event: 1.019 GC heap before
{Heap before GC invocations=6 (full 0):
 garbage-first heap   total 452608K, used 239616K [0x0000000701200000, 0x0000000800000000)
  region size 2048K, 55 young (112640K), 6 survivors (12288K)
 Metaspace       used 11365K, capacity 11413K, committed 11648K, reserved 1060864K
  class space    used 1030K, capacity 1053K, committed 1152K, reserved 1048576K
}
Event: 1.058 GC heap after
{Heap after GC invocations=7 (full 0):
 garbage-first heap   total 452608K, used 197632K [0x0000000701200000, 0x0000000800000000)
  region size 2048K, 7 young (14336K), 7 survivors (14336K)
 Metaspace       used 11365K, capacity 11413K, committed 11648K, reserved 1060864K
  class space    used 1030K, capacity 1053K, committed 1152K, reserved 1048576K
}
Event: 1.138 GC heap before
{Heap before GC invocations=7 (full 0):
 garbage-first heap   total 452608K, used 291840K [0x0000000701200000, 0x0000000800000000)
  region size 2048K, 52 young (106496K), 7 survivors (14336K)
 Metaspace       used 11365K, capacity 11413K, committed 11648K, reserved 1060864K
  class space    used 1030K, capacity 1053K, committed 1152K, reserved 1048576K
}
Event: 1.162 GC heap after
{Heap after GC invocations=8 (full 0):
 garbage-first heap   total 452608K, used 251904K [0x0000000701200000, 0x0000000800000000)
  region size 2048K, 7 young (14336K), 7 survivors (14336K)
 Metaspace       used 11365K, capacity 11413K, committed 11648K, reserved 1060864K
  class space    used 1030K, capacity 1053K, committed 1152K, reserved 1048576K
}
Event: 1.209 GC heap before
{Heap before GC invocations=8 (full 0):
 garbage-first heap   total 452608K, used 319488K [0x0000000701200000, 0x0000000800000000)
  region size 2048K, 40 young (81920K), 7 survivors (14336K)
 Metaspace       used 11365K, capacity 11413K, committed 11648K, reserved 1060864K
  class space    used 1030K, capacity 1053K, committed 1152K, reserved 1048576K
}
Event: 1.235 GC heap after
{Heap after GC invocations=9 (full 0):
 garbage-first heap   total 1136640K, used 292864K [0x0000000701200000, 0x0000000800000000)
  region size 2048K, 5 young (10240K), 5 survivors (10240K)
 Metaspace       used 11365K, capacity 11413K, committed 11648K, reserved 1060864K
  class space    used 1030K, capacity 1053K, committed 1152K, reserved 1048576K
}
Event: 1.433 GC heap before
{Heap before GC invocations=9 (full 0):
 garbage-first heap   total 1136640K, used 454656K [0x0000000701200000, 0x0000000800000000)
  region size 2048K, 83 young (169984K), 5 survivors (10240K)
 Metaspace       used 11365K, capacity 11413K, committed 11648K, reserved 1060864K
  class space    used 1030K, capacity 1053K, committed 1152K, reserved 1048576K
}
Event: 1.482 GC heap after
{Heap after GC invocations=10 (full 0):
 garbage-first heap   total 1136640K, used 384000K [0x0000000701200000, 0x0000000800000000)
  region size 2048K, 11 young (22528K), 11 survivors (22528K)
 Metaspace       used 11365K, capacity 11413K, committed 11648K, reserved 1060864K
  class space    used 1030K, capacity 1053K, committed 1152K, reserved 1048576K
}
Event: 1.575 GC heap before
{Heap before GC invocations=10 (full 0):
 garbage-first heap   total 1136640K, used 525312K [0x0000000701200000, 0x0000000800000000)
  region size 2048K, 80 young (163840K), 11 survivors (22528K)
 Metaspace       used 11365K, capacity 11413K, committed 11648K, reserved 1060864K
  class space    used 1030K, capacity 1053K, committed 1152K, reserved 1048576K
}
Event: 1.610 GC heap after
{Heap after GC invocations=11 (full 0):
 garbage-first heap   total 1136640K, used 454656K [0x0000000701200000, 0x0000000800000000)
  region size 2048K, 10 young (20480K), 10 survivors (20480K)
 Metaspace       used 11365K, capacity 11413K, committed 11648K, reserved 1060864K
  class space    used 1030K, capacity 1053K, committed 1152K, reserved 1048576K
}
Event: 1.713 GC heap before
{Heap before GC invocations=11 (full 0):
 garbage-first heap   total 1136640K, used 598016K [0x0000000701200000, 0x0000000800000000)
  region size 2048K, 78 young (159744K), 10 survivors (20480K)
 Metaspace       used 11365K, capacity 11413K, committed 11648K, reserved 1060864K
  class space    used 1030K, capacity 1053K, committed 1152K, reserved 1048576K
}
Event: 1.762 GC heap after
{Heap after GC invocations=12 (full 0):
 garbage-first heap   total 1136640K, used 539648K [0x0000000701200000, 0x0000000800000000)
  region size 2048K, 10 young (20480K), 10 survivors (20480K)
 Metaspace       used 11365K, capacity 11413K, committed 11648K, reserved 1060864K
  class space    used 1030K, capacity 1053K, committed 1152K, reserved 1048576K
}
Event: 1.907 GC heap before
{Heap before GC invocations=13 (full 0):
 garbage-first heap   total 1136640K, used 723968K [0x0000000701200000, 0x0000000800000000)
  region size 2048K, 100 young (204800K), 10 survivors (20480K)
 Metaspace       used 11365K, capacity 11413K, committed 11648K, reserved 1060864K
  class space    used 1030K, capacity 1053K, committed 1152K, reserved 1048576K
}

