# JRE version: OpenJDK Runtime Environment (15.0.2+7) (build 15.0.2+7-27)
# Java VM: OpenJDK 64-Bit Server VM (15.0.2+7-27, mixed mode, tiered, compressed oops, g1 gc, windows-amd64)
GC Precious Log:
 CPUs: 6 total, 6 available
 Memory: 16310M
 Large Page Support: Disabled
 NUMA Support: Disabled
 Compressed Oops: Enabled (Zero based)
 Heap Region Size: 2M
 Heap Min Capacity: 8M
 Heap Initial Capacity: 256M
 Heap Max Capacity: 4078M
 Pre-touch: Disabled
 Parallel Workers: 6
 Concurrent Workers: 2
 Concurrent Refinement Workers: 6
 Periodic GC: Disabled
Heap:
 garbage-first heap   total 378880K, used 5587K [0x0000000701200000, 0x0000000800000000)
  region size 2048K, 1 young (2048K), 1 survivors (2048K)
 Metaspace       used 18455K, capacity 18618K, committed 18816K, reserved 1067008K
  class space    used 1842K, capacity 1893K, committed 1920K, reserved 1048576K
GC Heap History (20 events):
Event: 273.935 GC heap after
{Heap after GC invocations=882 (full 0):
 garbage-first heap   total 315392K, used 5576K [0x0000000701200000, 0x0000000800000000)
  region size 2048K, 1 young (2048K), 1 survivors (2048K)
 Metaspace       used 18455K, capacity 18618K, committed 18816K, reserved 1067008K
  class space    used 1842K, capacity 1893K, committed 1920K, reserved 1048576K
}
Event: 274.003 GC heap before
{Heap before GC invocations=882 (full 0):
 garbage-first heap   total 315392K, used 191944K [0x0000000701200000, 0x0000000800000000)
  region size 2048K, 92 young (188416K), 1 survivors (2048K)
 Metaspace       used 18455K, capacity 18618K, committed 18816K, reserved 1067008K
  class space    used 1842K, capacity 1893K, committed 1920K, reserved 1048576K
}
Event: 274.003 GC heap after
{Heap after GC invocations=883 (full 0):
 garbage-first heap   total 315392K, used 5532K [0x0000000701200000, 0x0000000800000000)
  region size 2048K, 1 young (2048K), 1 survivors (2048K)
 Metaspace       used 18455K, capacity 18618K, committed 18816K, reserved 1067008K
  class space    used 1842K, capacity 1893K, committed 1920K, reserved 1048576K
}
Event: 274.072 GC heap before
{Heap before GC invocations=883 (full 0):
 garbage-first heap   total 315392K, used 191900K [0x0000000701200000, 0x0000000800000000)
  region size 2048K, 92 young (188416K), 1 survivors (2048K)
 Metaspace       used 18455K, capacity 18618K, committed 18816K, reserved 1067008K
  class space    used 1842K, capacity 1893K, committed 1920K, reserved 1048576K
}
Event: 274.073 GC heap after
{Heap after GC invocations=884 (full 0):
 garbage-first heap   total 315392K, used 5555K [0x0000000701200000, 0x0000000800000000)
  region size 2048K, 1 young (2048K), 1 survivors (2048K)
 Metaspace       used 18455K, capacity 18618K, committed 18816K, reserved 1067008K
  class space    used 1842K, capacity 1893K, committed 1920K, reserved 1048576K
}
Event: 274.141 GC heap before
{Heap before GC invocations=884 (full 0):
 garbage-first heap   total 315392K, used 191923K [0x0000000701200000, 0x0000000800000000)
  region size 2048K, 92 young (188416K), 1 survivors (2048K)
 Metaspace       used 18455K, capacity 18618K, committed 18816K, reserved 1067008K
  class space    used 1842K, capacity 1893K, committed 1920K, reserved 1048576K
}
Event: 274.142 GC heap after
{Heap after GC invocations=885 (full 0):
 garbage-first heap   total 315392K, used 5575K [0x0000000701200000, 0x0000000800000000)
  region size 2048K, 1 young (2048K), 1 survivors (2048K)
 Metaspace       used 18455K, capacity 18618K, committed 18816K, reserved 1067008K
  class space    used 1842K, capacity 1893K, committed 1920K, reserved 1048576K
}
Event: 274.211 GC heap before
{Heap before GC invocations=885 (full 0):
 garbage-first heap   total 315392K, used 191943K [0x0000000701200000, 0x0000000800000000)
  region size 2048K, 92 young (188416K), 1 survivors (2048K)
 Metaspace       used 18455K, capacity 18618K, committed 18816K, reserved 1067008K
  class space    used 1842K, capacity 1893K, committed 1920K, reserved 1048576K
}
Event: 274.211 GC heap after
{Heap after GC invocations=886 (full 0):
 garbage-first heap   total 315392K, used 5546K [0x0000000701200000, 0x0000000800000000)
  region size 2048K, 1 young (2048K), 1 survivors (2048K)
 Metaspace       used 18455K, capacity 18618K, committed 18816K, reserved 1067008K
  class space    used 1842K, capacity 1893K, committed 1920K, reserved 1048576K
}
Event: 274.279 GC heap before
{Heap before GC invocations=886 (full 0):
 garbage-first heap   total 315392K, used 191914K [0x0000000701200000, 0x0000000800000000)
  region size 2048K, 92 young (188416K), 1 survivors (2048K)
 Metaspace       used 18455K, capacity 18618K, committed 18816K, reserved 1067008K
  class space    used 1842K, capacity 1893K, committed 1920K, reserved 1048576K
}
Event: 274.280 GC heap after
{Heap after GC invocations=887 (full 0):
 garbage-first heap   total 315392K, used 5546K [0x0000000701200000, 0x0000000800000000)
  region size 2048K, 1 young (2048K), 1 survivors (2048K)
 Metaspace       used 18455K, capacity 18618K, committed 18816K, reserved 1067008K
  class space    used 1842K, capacity 1893K, committed 1920K, reserved 1048576K
}
Event: 274.349 GC heap before
{Heap before GC invocations=887 (full 0):
 garbage-first heap   total 315392K, used 191914K [0x0000000701200000, 0x0000000800000000)
  region size 2048K, 92 young (188416K), 1 survivors (2048K)
 Metaspace       used 18455K, capacity 18618K, committed 18816K, reserved 1067008K
  class space    used 1842K, capacity 1893K, committed 1920K, reserved 1048576K
}
Event: 274.350 GC heap after
{Heap after GC invocations=888 (full 0):
 garbage-first heap   total 315392K, used 5564K [0x0000000701200000, 0x0000000800000000)
  region size 2048K, 1 young (2048K), 1 survivors (2048K)
 Metaspace       used 18455K, capacity 18618K, committed 18816K, reserved 1067008K
  class space    used 1842K, capacity 1893K, committed 1920K, reserved 1048576K
}
Event: 274.418 GC heap before
{Heap before GC invocations=888 (full 0):
 garbage-first heap   total 315392K, used 191932K [0x0000000701200000, 0x0000000800000000)
  region size 2048K, 92 young (188416K), 1 survivors (2048K)
 Metaspace       used 18455K, capacity 18618K, committed 18816K, reserved 1067008K
  class space    used 1842K, capacity 1893K, committed 1920K, reserved 1048576K
}
Event: 274.419 GC heap after
{Heap after GC invocations=889 (full 0):
 garbage-first heap   total 315392K, used 5589K [0x0000000701200000, 0x0000000800000000)
  region size 2048K, 1 young (2048K), 1 survivors (2048K)
 Metaspace       used 18455K, capacity 18618K, committed 18816K, reserved 1067008K
  class space    used 1842K, capacity 1893K, committed 1920K, reserved 1048576K
}
Event: 274.487 GC heap before
{Heap before GC invocations=889 (full 0):
 garbage-first heap   total 315392K, used 191957K [0x0000000701200000, 0x0000000800000000)
  region size 2048K, 92 young (188416K), 1 survivors (2048K)
 Metaspace       used 18455K, capacity 18618K, committed 18816K, reserved 1067008K
  class space    used 1842K, capacity 1893K, committed 1920K, reserved 1048576K
}
Event: 274.487 GC heap after
{Heap after GC invocations=890 (full 0):
 garbage-first heap   total 315392K, used 5534K [0x0000000701200000, 0x0000000800000000)
  region size 2048K, 1 young (2048K), 1 survivors (2048K)
 Metaspace       used 18455K, capacity 18618K, committed 18816K, reserved 1067008K
  class space    used 1842K, capacity 1893K, committed 1920K, reserved 1048576K
}
Event: 274.555 GC heap before
{Heap before GC invocations=890 (full 0):
 garbage-first heap   total 315392K, used 191902K [0x0000000701200000, 0x0000000800000000)
  region size 2048K, 92 young (188416K), 1 survivors (2048K)
 Metaspace       used 18455K, capacity 18618K, committed 18816K, reserved 1067008K
  class space    used 1842K, capacity 1893K, committed 1920K, reserved 1048576K
}
Event: 274.556 GC heap after
{Heap after GC invocations=891 (full 0):
 garbage-first heap   total 315392K, used 5592K [0x0000000701200000, 0x0000000800000000)
  region size 2048K, 1 young (2048K), 1 survivors (2048K)
 Metaspace       used 18455K, capacity 18618K, committed 18816K, reserved 1067008K
  class space    used 1842K, capacity 1893K, committed 1920K, reserved 1048576K
}
Event: 274.624 GC heap before
{Heap before GC invocations=891 (full 0):
 garbage-first heap   total 315392K, used 191960K [0x0000000701200000, 0x0000000800000000)
  region size 2048K, 92 young (188416K), 1 survivors (2048K)
 Metaspace       used 18455K, capacity 18618K, committed 18816K, reserved 1067008K
  class space    used 1842K, capacity 1893K, committed 1920K, reserved 1048576K
}

