# JRE version: OpenJDK Runtime Environment (15.0.2+7) (build 15.0.2+7-27)
# Java VM: OpenJDK 64-Bit Server VM (15.0.2+7-27, mixed mode, tiered, compressed oops, g1 gc, windows-amd64)
GC Precious Log:
 CPUs: 6 total, 6 available
 Memory: 16310M
 Large Page Support: Disabled
 NUMA Support: Disabled
 Compressed Oops: Enabled (Zero based)
 Heap Region Size: 2M
 Heap Min Capacity: 8M
 Heap Initial Capacity: 256M
 Heap Max Capacity: 4078M
 Pre-touch: Disabled
 Parallel Workers: 6
 Concurrent Workers: 2
 Concurrent Refinement Workers: 6
 Periodic GC: Disabled
Heap:
 garbage-first heap   total 2297856K, used 646144K [0x0000000701200000, 0x0000000800000000)
  region size 2048K, 14 young (28672K), 14 survivors (28672K)
 Metaspace       used 11362K, capacity 11413K, committed 11648K, reserved 1060864K
  class space    used 1030K, capacity 1053K, committed 1152K, reserved 1048576K
GC Heap History (20 events):
Event: 0.575 GC heap after
{Heap after GC invocations=3 (full 0):
 garbage-first heap   total 262144K, used 18003K [0x0000000701200000, 0x0000000800000000)
  region size 2048K, 4 young (8192K), 4 survivors (8192K)
 Metaspace       used 11362K, capacity 11413K, committed 11648K, reserved 1060864K
  class space    used 1030K, capacity 1053K, committed 1152K, reserved 1048576K
}
Event: 0.693 GC heap before
{Heap before GC invocations=3 (full 0):
 garbage-first heap   total 262144K, used 114259K [0x0000000701200000, 0x0000000800000000)
  region size 2048K, 51 young (104448K), 4 survivors (8192K)
 Metaspace       used 11362K, capacity 11413K, committed 11648K, reserved 1060864K
  class space    used 1030K, capacity 1053K, committed 1152K, reserved 1048576K
}
Event: 0.719 GC heap after
{Heap after GC invocations=4 (full 0):
 garbage-first heap   total 262144K, used 57191K [0x0000000701200000, 0x0000000800000000)
  region size 2048K, 7 young (14336K), 7 survivors (14336K)
 Metaspace       used 11362K, capacity 11413K, committed 11648K, reserved 1060864K
  class space    used 1030K, capacity 1053K, committed 1152K, reserved 1048576K
}
Event: 0.790 GC heap before
{Heap before GC invocations=4 (full 0):
 garbage-first heap   total 262144K, used 120679K [0x0000000701200000, 0x0000000800000000)
  region size 2048K, 38 young (77824K), 7 survivors (14336K)
 Metaspace       used 11362K, capacity 11413K, committed 11648K, reserved 1060864K
  class space    used 1030K, capacity 1053K, committed 1152K, reserved 1048576K
}
Event: 0.815 GC heap after
{Heap after GC invocations=5 (full 0):
 garbage-first heap   total 477184K, used 93866K [0x0000000701200000, 0x0000000800000000)
  region size 2048K, 5 young (10240K), 5 survivors (10240K)
 Metaspace       used 11362K, capacity 11413K, committed 11648K, reserved 1060864K
  class space    used 1030K, capacity 1053K, committed 1152K, reserved 1048576K
}
Event: 0.915 GC heap before
{Heap before GC invocations=5 (full 0):
 garbage-first heap   total 477184K, used 171690K [0x0000000701200000, 0x0000000800000000)
  region size 2048K, 43 young (88064K), 5 survivors (10240K)
 Metaspace       used 11362K, capacity 11413K, committed 11648K, reserved 1060864K
  class space    used 1030K, capacity 1053K, committed 1152K, reserved 1048576K
}
Event: 0.945 GC heap after
{Heap after GC invocations=6 (full 0):
 garbage-first heap   total 477184K, used 140288K [0x0000000701200000, 0x0000000800000000)
  region size 2048K, 6 young (12288K), 6 survivors (12288K)
 Metaspace       used 11362K, capacity 11413K, committed 11648K, reserved 1060864K
  class space    used 1030K, capacity 1053K, committed 1152K, reserved 1048576K
}
Event: 1.053 GC heap before
{Heap before GC invocations=6 (full 0):
 garbage-first heap   total 477184K, used 240640K [0x0000000701200000, 0x0000000800000000)
  region size 2048K, 55 young (112640K), 6 survivors (12288K)
 Metaspace       used 11362K, capacity 11413K, committed 11648K, reserved 1060864K
  class space    used 1030K, capacity 1053K, committed 1152K, reserved 1048576K
}
Event: 1.085 GC heap after
{Heap after GC invocations=7 (full 0):
 garbage-first heap   total 477184K, used 198656K [0x0000000701200000, 0x0000000800000000)
  region size 2048K, 7 young (14336K), 7 survivors (14336K)
 Metaspace       used 11362K, capacity 11413K, committed 11648K, reserved 1060864K
  class space    used 1030K, capacity 1053K, committed 1152K, reserved 1048576K
}
Event: 1.166 GC heap before
{Heap before GC invocations=7 (full 0):
 garbage-first heap   total 477184K, used 301056K [0x0000000701200000, 0x0000000800000000)
  region size 2048K, 56 young (114688K), 7 survivors (14336K)
 Metaspace       used 11362K, capacity 11413K, committed 11648K, reserved 1060864K
  class space    used 1030K, capacity 1053K, committed 1152K, reserved 1048576K
}
Event: 1.198 GC heap after
{Heap after GC invocations=8 (full 0):
 garbage-first heap   total 477184K, used 259072K [0x0000000701200000, 0x0000000800000000)
  region size 2048K, 7 young (14336K), 7 survivors (14336K)
 Metaspace       used 11362K, capacity 11413K, committed 11648K, reserved 1060864K
  class space    used 1030K, capacity 1053K, committed 1152K, reserved 1048576K
}
Event: 1.252 GC heap before
{Heap before GC invocations=8 (full 0):
 garbage-first heap   total 477184K, used 334848K [0x0000000701200000, 0x0000000800000000)
  region size 2048K, 44 young (90112K), 7 survivors (14336K)
 Metaspace       used 11362K, capacity 11413K, committed 11648K, reserved 1060864K
  class space    used 1030K, capacity 1053K, committed 1152K, reserved 1048576K
}
Event: 1.279 GC heap after
{Heap after GC invocations=9 (full 0):
 garbage-first heap   total 1230848K, used 303104K [0x0000000701200000, 0x0000000800000000)
  region size 2048K, 6 young (12288K), 6 survivors (12288K)
 Metaspace       used 11362K, capacity 11413K, committed 11648K, reserved 1060864K
  class space    used 1030K, capacity 1053K, committed 1152K, reserved 1048576K
}
Event: 1.464 GC heap before
{Heap before GC invocations=9 (full 0):
 garbage-first heap   total 1230848K, used 456704K [0x0000000701200000, 0x0000000800000000)
  region size 2048K, 80 young (163840K), 6 survivors (12288K)
 Metaspace       used 11362K, capacity 11413K, committed 11648K, reserved 1060864K
  class space    used 1030K, capacity 1053K, committed 1152K, reserved 1048576K
}
Event: 1.509 GC heap after
{Heap after GC invocations=10 (full 0):
 garbage-first heap   total 1230848K, used 391168K [0x0000000701200000, 0x0000000800000000)
  region size 2048K, 10 young (20480K), 10 survivors (20480K)
 Metaspace       used 11362K, capacity 11413K, committed 11648K, reserved 1060864K
  class space    used 1030K, capacity 1053K, committed 1152K, reserved 1048576K
}
Event: 1.647 GC heap before
{Heap before GC invocations=10 (full 0):
 garbage-first heap   total 1230848K, used 530432K [0x0000000701200000, 0x0000000800000000)
  region size 2048K, 78 young (159744K), 10 survivors (20480K)
 Metaspace       used 11362K, capacity 11413K, committed 11648K, reserved 1060864K
  class space    used 1030K, capacity 1053K, committed 1152K, reserved 1048576K
}
Event: 1.681 GC heap after
{Heap after GC invocations=11 (full 0):
 garbage-first heap   total 1230848K, used 461824K [0x0000000701200000, 0x0000000800000000)
  region size 2048K, 10 young (20480K), 10 survivors (20480K)
 Metaspace       used 11362K, capacity 11413K, committed 11648K, reserved 1060864K
  class space    used 1030K, capacity 1053K, committed 1152K, reserved 1048576K
}
Event: 1.771 GC heap before
{Heap before GC invocations=11 (full 0):
 garbage-first heap   total 1230848K, used 603136K [0x0000000701200000, 0x0000000800000000)
  region size 2048K, 77 young (157696K), 10 survivors (20480K)
 Metaspace       used 11362K, capacity 11413K, committed 11648K, reserved 1060864K
  class space    used 1030K, capacity 1053K, committed 1152K, reserved 1048576K
}
Event: 1.819 GC heap after
{Heap after GC invocations=12 (full 0):
 garbage-first heap   total 1230848K, used 544768K [0x0000000701200000, 0x0000000800000000)
  region size 2048K, 10 young (20480K), 10 survivors (20480K)
 Metaspace       used 11362K, capacity 11413K, committed 11648K, reserved 1060864K
  class space    used 1030K, capacity 1053K, committed 1152K, reserved 1048576K
}
Event: 1.970 GC heap before
{Heap before GC invocations=13 (full 0):
 garbage-first heap   total 1230848K, used 753664K [0x0000000701200000, 0x0000000800000000)
  region size 2048K, 112 young (229376K), 10 survivors (20480K)
 Metaspace       used 11362K, capacity 11413K, committed 11648K, reserved 1060864K
  class space    used 1030K, capacity 1053K, committed 1152K, reserved 1048576K
}

