# JRE version: OpenJDK Runtime Environment (15.0.2+7) (build 15.0.2+7-27)
# Java VM: OpenJDK 64-Bit Server VM (15.0.2+7-27, mixed mode, tiered, compressed oops, g1 gc, windows-amd64)
GC Precious Log:
 CPUs: 6 total, 6 available
 Memory: 16310M
 Large Page Support: Disabled
 NUMA Support: Disabled
 Compressed Oops: Enabled (Zero based)
 Heap Region Size: 2M
 Heap Min Capacity: 8M
 Heap Initial Capacity: 256M
 Heap Max Capacity: 4078M
 Pre-touch: Disabled
 Parallel Workers: 6
 Concurrent Workers: 2
 Concurrent Refinement Workers: 6
 Periodic GC: Disabled
Heap:
 garbage-first heap   total 2467840K, used 649216K [0x0000000701200000, 0x0000000800000000)
  region size 2048K, 15 young (30720K), 15 survivors (30720K)
 Metaspace       used 11359K, capacity 11413K, committed 11648K, reserved 1060864K
  class space    used 1030K, capacity 1053K, committed 1152K, reserved 1048576K
GC Heap History (20 events):
Event: 0.534 GC heap after
{Heap after GC invocations=3 (full 0):
 garbage-first heap   total 262144K, used 24576K [0x0000000701200000, 0x0000000800000000)
  region size 2048K, 2 young (4096K), 2 survivors (4096K)
 Metaspace       used 11358K, capacity 11413K, committed 11648K, reserved 1060864K
  class space    used 1030K, capacity 1053K, committed 1152K, reserved 1048576K
}
Event: 0.605 GC heap before
{Heap before GC invocations=3 (full 0):
 garbage-first heap   total 262144K, used 59392K [0x0000000701200000, 0x0000000800000000)
  region size 2048K, 19 young (38912K), 2 survivors (4096K)
 Metaspace       used 11358K, capacity 11413K, committed 11648K, reserved 1060864K
  class space    used 1030K, capacity 1053K, committed 1152K, reserved 1048576K
}
Event: 0.624 GC heap after
{Heap after GC invocations=4 (full 0):
 garbage-first heap   total 262144K, used 44068K [0x0000000701200000, 0x0000000800000000)
  region size 2048K, 3 young (6144K), 3 survivors (6144K)
 Metaspace       used 11358K, capacity 11413K, committed 11648K, reserved 1060864K
  class space    used 1030K, capacity 1053K, committed 1152K, reserved 1048576K
}
Event: 0.653 GC heap before
{Heap before GC invocations=4 (full 0):
 garbage-first heap   total 262144K, used 85028K [0x0000000701200000, 0x0000000800000000)
  region size 2048K, 23 young (47104K), 3 survivors (6144K)
 Metaspace       used 11359K, capacity 11413K, committed 11648K, reserved 1060864K
  class space    used 1030K, capacity 1053K, committed 1152K, reserved 1048576K
}
Event: 0.675 GC heap after
{Heap after GC invocations=5 (full 0):
 garbage-first heap   total 471040K, used 68066K [0x0000000701200000, 0x0000000800000000)
  region size 2048K, 3 young (6144K), 3 survivors (6144K)
 Metaspace       used 11359K, capacity 11413K, committed 11648K, reserved 1060864K
  class space    used 1030K, capacity 1053K, committed 1152K, reserved 1048576K
}
Event: 0.734 GC heap before
{Heap before GC invocations=5 (full 0):
 garbage-first heap   total 471040K, used 121314K [0x0000000701200000, 0x0000000800000000)
  region size 2048K, 29 young (59392K), 3 survivors (6144K)
 Metaspace       used 11359K, capacity 11413K, committed 11648K, reserved 1060864K
  class space    used 1030K, capacity 1053K, committed 1152K, reserved 1048576K
}
Event: 0.754 GC heap after
{Heap after GC invocations=6 (full 0):
 garbage-first heap   total 471040K, used 100352K [0x0000000701200000, 0x0000000800000000)
  region size 2048K, 4 young (8192K), 4 survivors (8192K)
 Metaspace       used 11359K, capacity 11413K, committed 11648K, reserved 1060864K
  class space    used 1030K, capacity 1053K, committed 1152K, reserved 1048576K
}
Event: 0.811 GC heap before
{Heap before GC invocations=6 (full 0):
 garbage-first heap   total 471040K, used 169984K [0x0000000701200000, 0x0000000800000000)
  region size 2048K, 38 young (77824K), 4 survivors (8192K)
 Metaspace       used 11359K, capacity 11413K, committed 11648K, reserved 1060864K
  class space    used 1030K, capacity 1053K, committed 1152K, reserved 1048576K
}
Event: 0.842 GC heap after
{Heap after GC invocations=7 (full 0):
 garbage-first heap   total 471040K, used 142188K [0x0000000701200000, 0x0000000800000000)
  region size 2048K, 5 young (10240K), 5 survivors (10240K)
 Metaspace       used 11359K, capacity 11413K, committed 11648K, reserved 1060864K
  class space    used 1030K, capacity 1053K, committed 1152K, reserved 1048576K
}
Event: 0.896 GC heap before
{Heap before GC invocations=7 (full 0):
 garbage-first heap   total 471040K, used 228204K [0x0000000701200000, 0x0000000800000000)
  region size 2048K, 47 young (96256K), 5 survivors (10240K)
 Metaspace       used 11359K, capacity 11413K, committed 11648K, reserved 1060864K
  class space    used 1030K, capacity 1053K, committed 1152K, reserved 1048576K
}
Event: 0.932 GC heap after
{Heap after GC invocations=8 (full 0):
 garbage-first heap   total 471040K, used 194560K [0x0000000701200000, 0x0000000800000000)
  region size 2048K, 6 young (12288K), 6 survivors (12288K)
 Metaspace       used 11359K, capacity 11413K, committed 11648K, reserved 1060864K
  class space    used 1030K, capacity 1053K, committed 1152K, reserved 1048576K
}
Event: 0.982 GC heap before
{Heap before GC invocations=8 (full 0):
 garbage-first heap   total 471040K, used 276480K [0x0000000701200000, 0x0000000800000000)
  region size 2048K, 46 young (94208K), 6 survivors (12288K)
 Metaspace       used 11359K, capacity 11413K, committed 11648K, reserved 1060864K
  class space    used 1030K, capacity 1053K, committed 1152K, reserved 1048576K
}
Event: 1.006 GC heap after
{Heap after GC invocations=9 (full 0):
 garbage-first heap   total 1329152K, used 242688K [0x0000000701200000, 0x0000000800000000)
  region size 2048K, 6 young (12288K), 6 survivors (12288K)
 Metaspace       used 11359K, capacity 11413K, committed 11648K, reserved 1060864K
  class space    used 1030K, capacity 1053K, committed 1152K, reserved 1048576K
}
Event: 1.175 GC heap before
{Heap before GC invocations=9 (full 0):
 garbage-first heap   total 1329152K, used 373760K [0x0000000701200000, 0x0000000800000000)
  region size 2048K, 70 young (143360K), 6 survivors (12288K)
 Metaspace       used 11359K, capacity 11413K, committed 11648K, reserved 1060864K
  class space    used 1030K, capacity 1053K, committed 1152K, reserved 1048576K
}
Event: 1.213 GC heap after
{Heap after GC invocations=10 (full 0):
 garbage-first heap   total 1329152K, used 318464K [0x0000000701200000, 0x0000000800000000)
  region size 2048K, 9 young (18432K), 9 survivors (18432K)
 Metaspace       used 11359K, capacity 11413K, committed 11648K, reserved 1060864K
  class space    used 1030K, capacity 1053K, committed 1152K, reserved 1048576K
}
Event: 1.311 GC heap before
{Heap before GC invocations=10 (full 0):
 garbage-first heap   total 1329152K, used 480256K [0x0000000701200000, 0x0000000800000000)
  region size 2048K, 88 young (180224K), 9 survivors (18432K)
 Metaspace       used 11359K, capacity 11413K, committed 11648K, reserved 1060864K
  class space    used 1030K, capacity 1053K, committed 1152K, reserved 1048576K
}
Event: 1.374 GC heap after
{Heap after GC invocations=11 (full 0):
 garbage-first heap   total 1329152K, used 412672K [0x0000000701200000, 0x0000000800000000)
  region size 2048K, 11 young (22528K), 11 survivors (22528K)
 Metaspace       used 11359K, capacity 11413K, committed 11648K, reserved 1060864K
  class space    used 1030K, capacity 1053K, committed 1152K, reserved 1048576K
}
Event: 1.541 GC heap before
{Heap before GC invocations=11 (full 0):
 garbage-first heap   total 1329152K, used 599040K [0x0000000701200000, 0x0000000800000000)
  region size 2048K, 101 young (206848K), 11 survivors (22528K)
 Metaspace       used 11359K, capacity 11413K, committed 11648K, reserved 1060864K
  class space    used 1030K, capacity 1053K, committed 1152K, reserved 1048576K
}
Event: 1.587 GC heap after
{Heap after GC invocations=12 (full 0):
 garbage-first heap   total 1329152K, used 521216K [0x0000000701200000, 0x0000000800000000)
  region size 2048K, 13 young (26624K), 13 survivors (26624K)
 Metaspace       used 11359K, capacity 11413K, committed 11648K, reserved 1060864K
  class space    used 1030K, capacity 1053K, committed 1152K, reserved 1048576K
}
Event: 1.718 GC heap before
{Heap before GC invocations=12 (full 0):
 garbage-first heap   total 1329152K, used 738304K [0x0000000701200000, 0x0000000800000000)
  region size 2048K, 118 young (241664K), 13 survivors (26624K)
 Metaspace       used 11359K, capacity 11413K, committed 11648K, reserved 1060864K
  class space    used 1030K, capacity 1053K, committed 1152K, reserved 1048576K
}

