# JRE version: OpenJDK Runtime Environment (15.0.2+7) (build 15.0.2+7-27)
# Java VM: OpenJDK 64-Bit Server VM (15.0.2+7-27, mixed mode, tiered, compressed oops, g1 gc, windows-amd64)
GC Precious Log:
 CPUs: 6 total, 6 available
 Memory: 16310M
 Large Page Support: Disabled
 NUMA Support: Disabled
 Compressed Oops: Enabled (Zero based)
 Heap Region Size: 2M
 Heap Min Capacity: 8M
 Heap Initial Capacity: 256M
 Heap Max Capacity: 4078M
 Pre-touch: Disabled
 Parallel Workers: 6
 Concurrent Workers: 2
 Concurrent Refinement Workers: 6
 Periodic GC: Disabled
Heap:
 garbage-first heap   total 1617920K, used 274432K [0x0000000701200000, 0x0000000800000000)
  region size 2048K, 16 young (32768K), 16 survivors (32768K)
 Metaspace       used 11370K, capacity 11477K, committed 11648K, reserved 1060864K
  class space    used 1031K, capacity 1053K, committed 1152K, reserved 1048576K
GC Heap History (20 events):
Event: 0.562 GC heap after
{Heap after GC invocations=3 (full 0):
 garbage-first heap   total 262144K, used 16121K [0x0000000701200000, 0x0000000800000000)
  region size 2048K, 7 young (14336K), 7 survivors (14336K)
 Metaspace       used 11368K, capacity 11413K, committed 11648K, reserved 1060864K
  class space    used 1031K, capacity 1053K, committed 1152K, reserved 1048576K
}
Event: 0.656 GC heap before
{Heap before GC invocations=3 (full 0):
 garbage-first heap   total 262144K, used 157433K [0x0000000701200000, 0x0000000800000000)
  region size 2048K, 76 young (155648K), 7 survivors (14336K)
 Metaspace       used 11368K, capacity 11413K, committed 11648K, reserved 1060864K
  class space    used 1031K, capacity 1053K, committed 1152K, reserved 1048576K
}
Event: 0.670 GC heap after
{Heap after GC invocations=4 (full 0):
 garbage-first heap   total 262144K, used 28860K [0x0000000701200000, 0x0000000800000000)
  region size 2048K, 10 young (20480K), 10 survivors (20480K)
 Metaspace       used 11368K, capacity 11413K, committed 11648K, reserved 1060864K
  class space    used 1031K, capacity 1053K, committed 1152K, reserved 1048576K
}
Event: 0.728 GC heap before
{Heap before GC invocations=4 (full 0):
 garbage-first heap   total 262144K, used 164028K [0x0000000701200000, 0x0000000800000000)
  region size 2048K, 76 young (155648K), 10 survivors (20480K)
 Metaspace       used 11368K, capacity 11413K, committed 11648K, reserved 1060864K
  class space    used 1031K, capacity 1053K, committed 1152K, reserved 1048576K
}
Event: 0.741 GC heap after
{Heap after GC invocations=5 (full 0):
 garbage-first heap   total 395264K, used 43544K [0x0000000701200000, 0x0000000800000000)
  region size 2048K, 7 young (14336K), 7 survivors (14336K)
 Metaspace       used 11368K, capacity 11413K, committed 11648K, reserved 1060864K
  class space    used 1031K, capacity 1053K, committed 1152K, reserved 1048576K
}
Event: 0.883 GC heap before
{Heap before GC invocations=5 (full 0):
 garbage-first heap   total 395264K, used 264728K [0x0000000701200000, 0x0000000800000000)
  region size 2048K, 115 young (235520K), 7 survivors (14336K)
 Metaspace       used 11370K, capacity 11477K, committed 11648K, reserved 1060864K
  class space    used 1031K, capacity 1053K, committed 1152K, reserved 1048576K
}
Event: 0.902 GC heap after
{Heap after GC invocations=6 (full 0):
 garbage-first heap   total 395264K, used 62525K [0x0000000701200000, 0x0000000800000000)
  region size 2048K, 15 young (30720K), 15 survivors (30720K)
 Metaspace       used 11370K, capacity 11477K, committed 11648K, reserved 1060864K
  class space    used 1031K, capacity 1053K, committed 1152K, reserved 1048576K
}
Event: 0.983 GC heap before
{Heap before GC invocations=6 (full 0):
 garbage-first heap   total 395264K, used 267325K [0x0000000701200000, 0x0000000800000000)
  region size 2048K, 115 young (235520K), 15 survivors (30720K)
 Metaspace       used 11370K, capacity 11477K, committed 11648K, reserved 1060864K
  class space    used 1031K, capacity 1053K, committed 1152K, reserved 1048576K
}
Event: 1.005 GC heap after
{Heap after GC invocations=7 (full 0):
 garbage-first heap   total 395264K, used 82995K [0x0000000701200000, 0x0000000800000000)
  region size 2048K, 10 young (20480K), 10 survivors (20480K)
 Metaspace       used 11370K, capacity 11477K, committed 11648K, reserved 1060864K
  class space    used 1031K, capacity 1053K, committed 1152K, reserved 1048576K
}
Event: 1.073 GC heap before
{Heap before GC invocations=7 (full 0):
 garbage-first heap   total 395264K, used 295987K [0x0000000701200000, 0x0000000800000000)
  region size 2048K, 114 young (233472K), 10 survivors (20480K)
 Metaspace       used 11370K, capacity 11477K, committed 11648K, reserved 1060864K
  class space    used 1031K, capacity 1053K, committed 1152K, reserved 1048576K
}
Event: 1.087 GC heap after
{Heap after GC invocations=8 (full 0):
 garbage-first heap   total 395264K, used 103196K [0x0000000701200000, 0x0000000800000000)
  region size 2048K, 10 young (20480K), 10 survivors (20480K)
 Metaspace       used 11370K, capacity 11477K, committed 11648K, reserved 1060864K
  class space    used 1031K, capacity 1053K, committed 1152K, reserved 1048576K
}
Event: 1.150 GC heap before
{Heap before GC invocations=8 (full 0):
 garbage-first heap   total 395264K, used 303900K [0x0000000701200000, 0x0000000800000000)
  region size 2048K, 108 young (221184K), 10 survivors (20480K)
 Metaspace       used 11370K, capacity 11477K, committed 11648K, reserved 1060864K
  class space    used 1031K, capacity 1053K, committed 1152K, reserved 1048576K
}
Event: 1.165 GC heap after
{Heap after GC invocations=9 (full 0):
 garbage-first heap   total 804864K, used 120638K [0x0000000701200000, 0x0000000800000000)
  region size 2048K, 9 young (18432K), 9 survivors (18432K)
 Metaspace       used 11370K, capacity 11477K, committed 11648K, reserved 1060864K
  class space    used 1031K, capacity 1053K, committed 1152K, reserved 1048576K
}
Event: 1.473 GC heap before
{Heap before GC invocations=9 (full 0):
 garbage-first heap   total 804864K, used 583486K [0x0000000701200000, 0x0000000800000000)
  region size 2048K, 235 young (481280K), 9 survivors (18432K)
 Metaspace       used 11370K, capacity 11477K, committed 11648K, reserved 1060864K
  class space    used 1031K, capacity 1053K, committed 1152K, reserved 1048576K
}
Event: 1.497 GC heap after
{Heap after GC invocations=10 (full 0):
 garbage-first heap   total 804864K, used 161792K [0x0000000701200000, 0x0000000800000000)
  region size 2048K, 29 young (59392K), 29 survivors (59392K)
 Metaspace       used 11370K, capacity 11477K, committed 11648K, reserved 1060864K
  class space    used 1031K, capacity 1053K, committed 1152K, reserved 1048576K
}
Event: 1.631 GC heap before
{Heap before GC invocations=10 (full 0):
 garbage-first heap   total 804864K, used 583680K [0x0000000701200000, 0x0000000800000000)
  region size 2048K, 235 young (481280K), 29 survivors (59392K)
 Metaspace       used 11370K, capacity 11477K, committed 11648K, reserved 1060864K
  class space    used 1031K, capacity 1053K, committed 1152K, reserved 1048576K
}
Event: 1.662 GC heap after
{Heap after GC invocations=11 (full 0):
 garbage-first heap   total 804864K, used 202188K [0x0000000701200000, 0x0000000800000000)
  region size 2048K, 21 young (43008K), 21 survivors (43008K)
 Metaspace       used 11370K, capacity 11477K, committed 11648K, reserved 1060864K
  class space    used 1031K, capacity 1053K, committed 1152K, reserved 1048576K
}
Event: 1.794 GC heap before
{Heap before GC invocations=11 (full 0):
 garbage-first heap   total 804864K, used 609740K [0x0000000701200000, 0x0000000800000000)
  region size 2048K, 220 young (450560K), 21 survivors (43008K)
 Metaspace       used 11370K, capacity 11477K, committed 11648K, reserved 1060864K
  class space    used 1031K, capacity 1053K, committed 1152K, reserved 1048576K
}
Event: 1.819 GC heap after
{Heap after GC invocations=12 (full 0):
 garbage-first heap   total 804864K, used 241664K [0x0000000701200000, 0x0000000800000000)
  region size 2048K, 20 young (40960K), 20 survivors (40960K)
 Metaspace       used 11370K, capacity 11477K, committed 11648K, reserved 1060864K
  class space    used 1031K, capacity 1053K, committed 1152K, reserved 1048576K
}
Event: 1.989 GC heap before
{Heap before GC invocations=12 (full 0):
 garbage-first heap   total 804864K, used 626688K [0x0000000701200000, 0x0000000800000000)
  region size 2048K, 208 young (425984K), 20 survivors (40960K)
 Metaspace       used 11370K, capacity 11477K, committed 11648K, reserved 1060864K
  class space    used 1031K, capacity 1053K, committed 1152K, reserved 1048576K
}

